14:12:57: Creating resource group General
14:12:57: Creating resource group Internal
14:12:57: Creating resource group Autodetect
14:12:57: SceneManagerFactory for type 'DefaultSceneManager' registered.
14:12:57: Registering ResourceManager for type Material
14:12:57: Registering ResourceManager for type Mesh
14:12:57: Registering ResourceManager for type Skeleton
14:12:57: MovableObjectFactory for type 'ParticleSystem' registered.
14:12:57: OverlayElementFactory for type Panel registered.
14:12:57: OverlayElementFactory for type BorderPanel registered.
14:12:57: OverlayElementFactory for type TextArea registered.
14:12:57: Registering ResourceManager for type Font
14:12:57: ArchiveFactory for archive type FileSystem registered.
14:12:57: ArchiveFactory for archive type Zip registered.
14:12:57: DDS codec registering
14:12:57: FreeImage version: 3.13.1
14:12:57: This program uses FreeImage, a free, open source image library supporting all common bitmap formats. See http://freeimage.sourceforge.net for details
14:12:57: Supported formats: bmp,ico,jpg,jif,jpeg,jpe,jng,koa,iff,lbm,mng,pbm,pbm,pcd,pcx,pgm,pgm,png,ppm,ppm,ras,tga,targa,tif,tiff,wap,wbmp,wbm,psd,cut,xbm,xpm,gif,hdr,g3,sgi,exr,j2k,j2c,jp2,pfm,pct,pict,pic,bay,bmq,cr2,crw,cs1,dc2,dcr,dng,erf,fff,hdr,k25,kdc,mdc,mos,mrw,nef,orf,pef,pxn,raf,raw,rdc,sr2,srf,arw,3fr,cine,ia,kc2,mef,nrw,qtk,rw2,sti,drf,dsc,ptx,cap,iiq,rwz
14:12:57: Registering ResourceManager for type HighLevelGpuProgram
14:12:57: Registering ResourceManager for type Compositor
14:12:57: MovableObjectFactory for type 'Entity' registered.
14:12:57: MovableObjectFactory for type 'Light' registered.
14:12:57: MovableObjectFactory for type 'BillboardSet' registered.
14:12:57: MovableObjectFactory for type 'ManualObject' registered.
14:12:57: MovableObjectFactory for type 'BillboardChain' registered.
14:12:57: MovableObjectFactory for type 'RibbonTrail' registered.
14:12:57: Loading library .\RenderSystem_Direct3D9
14:12:57: Installing plugin: D3D9 RenderSystem
14:12:57: D3D9 : Direct3D9 Rendering Subsystem created.
14:12:57: D3D9: Driver Detection Starts
14:12:57: D3D9: Driver Detection Ends
14:12:57: Plugin successfully installed
14:12:57: Loading library .\RenderSystem_GL
14:12:57: Installing plugin: GL RenderSystem
14:12:57: OpenGL Rendering Subsystem created.
14:12:57: Plugin successfully installed
14:12:57: Loading library .\Plugin_ParticleFX
14:12:57: Installing plugin: ParticleFX
14:12:57: Particle Emitter Type 'Point' registered
14:12:57: Particle Emitter Type 'Box' registered
14:12:57: Particle Emitter Type 'Ellipsoid' registered
14:12:57: Particle Emitter Type 'Cylinder' registered
14:12:57: Particle Emitter Type 'Ring' registered
14:12:57: Particle Emitter Type 'HollowEllipsoid' registered
14:12:57: Particle Affector Type 'LinearForce' registered
14:12:57: Particle Affector Type 'ColourFader' registered
14:12:57: Particle Affector Type 'ColourFader2' registered
14:12:57: Particle Affector Type 'ColourImage' registered
14:12:57: Particle Affector Type 'ColourInterpolator' registered
14:12:57: Particle Affector Type 'Scaler' registered
14:12:57: Particle Affector Type 'Rotator' registered
14:12:57: Particle Affector Type 'DirectionRandomiser' registered
14:12:57: Particle Affector Type 'DeflectorPlane' registered
14:12:57: Plugin successfully installed
14:12:57: Loading library .\Plugin_BSPSceneManager
14:12:57: Installing plugin: BSP Scene Manager
14:12:57: Plugin successfully installed
14:12:57: Loading library .\Plugin_CgProgramManager
14:12:57: Installing plugin: Cg Program Manager
14:12:57: Plugin successfully installed
14:12:57: Loading library .\Plugin_PCZSceneManager
14:12:57: Installing plugin: Portal Connected Zone Scene Manager
14:12:57: PCZone Factory Type 'ZoneType_Default' registered
14:12:57: Plugin successfully installed
14:12:57: Loading library .\Plugin_OctreeZone
14:12:57: Installing plugin: Octree Zone Factory
14:12:57: Plugin successfully installed
14:12:57: Loading library .\Plugin_OctreeSceneManager
14:12:57: Installing plugin: Octree & Terrain Scene Manager
14:12:57: Plugin successfully installed
14:12:57: *-*-* OGRE Initialising
14:12:57: *-*-* Version 1.7.3 (Cthugha)
14:12:57: Creating resource group Essential
14:12:57: Added resource location '../../media/packs/SdkTrays' of type 'FileSystem' to resource group 'Essential'
14:12:57: Added resource location '../../media/thumbnails' of type 'FileSystem' to resource group 'Essential'
14:12:57: Added resource location './world' of type 'FileSystem' to resource group 'General'
14:12:57: Creating resource group Popular
14:12:57: Added resource location '../../media/fonts' of type 'FileSystem' to resource group 'Popular'
14:12:57: Added resource location '../../media/materials/programs' of type 'FileSystem' to resource group 'Popular'
14:12:57: Added resource location '../../media/materials/scripts' of type 'FileSystem' to resource group 'Popular'
14:12:57: Added resource location '../../media/materials/textures' of type 'FileSystem' to resource group 'Popular'
14:12:57: Added resource location '../../media/materials/textures/nvidia' of type 'FileSystem' to resource group 'Popular'
14:12:57: Added resource location '../../media/models' of type 'FileSystem' to resource group 'Popular'
14:12:57: Added resource location '../../media/particle' of type 'FileSystem' to resource group 'Popular'
14:12:57: Added resource location '../../media/DeferredShadingMedia' of type 'FileSystem' to resource group 'Popular'
14:12:57: Added resource location '../../media/PCZAppMedia' of type 'FileSystem' to resource group 'Popular'
14:12:57: Added resource location '../../media/RTShaderLib' of type 'FileSystem' to resource group 'Popular'
14:12:57: Added resource location '../../media/RTShaderLib/materials' of type 'FileSystem' to resource group 'Popular'
14:12:57: Added resource location '../../media/OgreCore' of type 'FileSystem' to resource group 'Popular'
14:12:57: Added resource location '../../media' of type 'FileSystem' to resource group 'Popular'
14:12:57: Added resource location '../mymedia/shumu' of type 'FileSystem' to resource group 'Popular'
14:12:57: Added resource location '../mymedia/car' of type 'FileSystem' to resource group 'Popular'
14:12:57: Added resource location '../mymedia' of type 'FileSystem' to resource group 'Popular'
14:12:57: Added resource location './textures/house' of type 'FileSystem' to resource group 'Popular'
14:12:57: Added resource location '../../media/packs/cubemap.zip' of type 'Zip' to resource group 'Popular'
14:12:57: Added resource location '../../media/packs/cubemapsJS.zip' of type 'Zip' to resource group 'Popular'
14:12:57: Added resource location '../../media/packs/dragon.zip' of type 'Zip' to resource group 'Popular'
14:12:57: Added resource location '../../media/packs/fresneldemo.zip' of type 'Zip' to resource group 'Popular'
14:12:57: Added resource location '../../media/packs/ogretestmap.zip' of type 'Zip' to resource group 'Popular'
14:12:57: Added resource location '../../media/packs/ogredance.zip' of type 'Zip' to resource group 'Popular'
14:12:57: Added resource location '../../media/packs/Sinbad.zip' of type 'Zip' to resource group 'Popular'
14:12:57: Added resource location '../../media/packs/skybox.zip' of type 'Zip' to resource group 'Popular'
14:12:57: D3D9 : RenderSystem Option: Allow NVPerfHUD = No
14:12:57: D3D9 : RenderSystem Option: FSAA = 0
14:12:57: D3D9 : RenderSystem Option: Floating-point mode = Fastest
14:12:57: D3D9 : RenderSystem Option: Full Screen = No
14:12:57: D3D9 : RenderSystem Option: Rendering Device = Monitor-1-Intel(R) HD Graphics Family
14:12:57: D3D9 : RenderSystem Option: Resource Creation Policy = Create on all devices
14:12:57: D3D9 : RenderSystem Option: VSync = No
14:12:57: D3D9 : RenderSystem Option: VSync Interval = 1
14:12:57: D3D9 : RenderSystem Option: Video Mode = 800 x 600 @ 32-bit colour
14:12:57: D3D9 : RenderSystem Option: sRGB Gamma Conversion = No
14:12:57: CPU Identifier & Features
14:12:57: -------------------------
14:12:57:  *   CPU ID: GenuineIntel: Intel(R) Core(TM) i5-4260U CPU @ 1.40GHz
14:12:57:  *      SSE: yes
14:12:57:  *     SSE2: yes
14:12:57:  *     SSE3: yes
14:12:57:  *      MMX: yes
14:12:57:  *   MMXEXT: yes
14:12:57:  *    3DNOW: no
14:12:57:  * 3DNOWEXT: no
14:12:57:  *     CMOV: yes
14:12:57:  *      TSC: yes
14:12:57:  *      FPU: yes
14:12:57:  *      PRO: yes
14:12:57:  *       HT: no
14:12:57: -------------------------
14:12:57: *** Starting Win32GL Subsystem ***
14:12:57: GLRenderSystem::_createRenderWindow "GA Render Window", 1024x768 windowed  miscParams: FSAA=0 FSAAHint= colourDepth=32 displayFrequency=0 gamma=false vsync=false vsyncInterval=1 
14:12:57: Created Win32Window 'GA Render Window' : 1040x806, 32bpp
14:12:57: GL_VERSION = 4.2.0 - Build 10.18.10.3345
14:12:57: GL_VENDOR = Intel
14:12:57: GL_RENDERER = Intel(R) HD Graphics 5000
14:12:57: GL_EXTENSIONS = GL_EXT_blend_minmax GL_EXT_blend_subtract GL_EXT_blend_color GL_EXT_abgr GL_EXT_texture3D GL_EXT_clip_volume_hint GL_EXT_compiled_vertex_array GL_SGIS_texture_edge_clamp GL_SGIS_generate_mipmap GL_EXT_draw_range_elements GL_SGIS_texture_lod GL_EXT_rescale_normal GL_EXT_packed_pixels GL_EXT_texture_edge_clamp GL_EXT_separate_specular_color GL_ARB_multitexture GL_ARB_map_buffer_alignment GL_ARB_conservative_depth GL_EXT_texture_env_combine GL_EXT_bgra GL_EXT_blend_func_separate GL_EXT_secondary_color GL_EXT_fog_coord GL_EXT_texture_env_add GL_ARB_texture_cube_map GL_ARB_transpose_matrix GL_ARB_internalformat_query GL_ARB_internalformat_query2 GL_ARB_texture_env_add GL_IBM_texture_mirrored_repeat GL_EXT_multi_draw_arrays GL_SUN_multi_draw_arrays GL_NV_blend_square GL_ARB_texture_compression GL_3DFX_texture_compression_FXT1 GL_EXT_texture_filter_anisotropic GL_ARB_texture_border_clamp GL_ARB_point_parameters GL_ARB_texture_env_combine GL_ARB_texture_env_dot3 GL_ARB_texture_env_crossbar GL_EXT_texture_compression_s3tc GL_ARB_shadow GL_ARB_window_pos GL_EXT_shadow_funcs GL_EXT_stencil_wrap GL_ARB_vertex_program GL_EXT_texture_rectangle GL_ARB_fragment_program GL_EXT_stencil_two_side GL_ATI_separate_stencil GL_ARB_vertex_buffer_object GL_EXT_texture_lod_bias GL_ARB_occlusion_query GL_ARB_fragment_shader GL_ARB_shader_objects GL_ARB_shading_language_100 GL_ARB_texture_non_power_of_two GL_ARB_vertex_shader GL_NV_texgen_reflection GL_ARB_point_sprite GL_ARB_fragment_program_shadow GL_EXT_blend_equation_separate GL_ARB_depth_texture GL_ARB_texture_rectangle GL_ARB_draw_buffers GL_ARB_color_buffer_float GL_ARB_half_float_pixel GL_ARB_texture_float GL_ARB_pixel_buffer_object GL_EXT_framebuffer_object GL_ARB_draw_instanced GL_ARB_half_float_vertex GL_ARB_occlusion_query2 GL_EXT_draw_buffers2 GL_WIN_swap_hint GL_EXT_texture_sRGB GL_ARB_multisample GL_EXT_packed_float GL_EXT_texture_shared_exponent GL_ARB_texture_rg GL_ARB_texture_compression_rgtc GL_NV_conditional_render GL_ARB_texture_swizzle GL_EXT_texture_swizzle GL_ARB_texture_gather GL_ARB_sync GL_ARB_framebuffer_sRGB GL_EXT_packed_depth_stencil GL_ARB_depth_buffer_float GL_EXT_transform_feedback GL_ARB_transform_feedback2 GL_ARB_draw_indirect GL_EXT_framebuffer_blit GL_EXT_framebuffer_multisample GL_ARB_framebuffer_object GL_EXT_texture_array GL_EXT_texture_integer GL_ARB_map_buffer_range GL_ARB_texture_buffer_range GL_EXT_texture_snorm GL_ARB_blend_func_extended GL_INTEL_performance_queries GL_ARB_copy_buffer GL_ARB_sampler_objects GL_NV_primitive_restart GL_ARB_seamless_cube_map GL_ARB_uniform_buffer_object GL_ARB_depth_clamp GL_ARB_vertex_array_bgra GL_ARB_shader_bit_encoding GL_ARB_draw_buffers_blend GL_ARB_geometry_shader4 GL_EXT_geometry_shader4 GL_ARB_texture_query_lod GL_ARB_explicit_attrib_location GL_ARB_draw_elements_base_vertex GL_ARB_instanced_arrays GL_ARB_base_instance GL_ARB_fragment_coord_conventions GL_EXT_gpu_program_parameters GL_ARB_texture_buffer_object_rgb32 GL_ARB_compatibility GL_ARB_texture_rgb10_a2ui GL_ARB_texture_multisample GL_ARB_vertex_type_2_10_10_10_rev GL_ARB_timer_query GL_ARB_tessellation_shader GL_ARB_vertex_array_object GL_ARB_provoking_vertex GL_ARB_sample_shading GL_ARB_texture_cube_map_array GL_EXT_gpu_shader4 GL_ARB_gpu_shader5 GL_ARB_gpu_shader_fp64 GL_INTEL_fragment_shader_ordering GL_ARB_shader_subroutine GL_ARB_transform_feedback3 GL_ARB_get_program_binary GL_ARB_separate_shader_objects GL_ARB_shader_precision GL_ARB_vertex_attrib_64bit GL_ARB_viewport_array GL_ARB_transform_feedback_instanced GL_ARB_compressed_texture_pixel_storage GL_ARB_shader_atomic_counters GL_ARB_shading_language_packing GL_ARB_shader_image_load_store GL_ARB_shading_language_420pack GL_ARB_texture_storage GL_EXT_texture_storage GL_ARB_compute_shader GL_ARB_multi_draw_indirect GL_ARB_program_interface_query GL_ARB_shader_storage_buffer_object GL_ARB_debug_output GL_KHR_debug GL_ARB_arrays_of_arrays GL_INTEL_map_texture GL_ARB_texture_compression_bptc GL_ARB_ES2_compatibility GL_ARB_robustness GL_EXT_texture_sRGB_decode 
14:12:57: Supported WGL extensions: WGL_EXT_depth_float WGL_ARB_buffer_region WGL_ARB_extensions_string WGL_ARB_make_current_read WGL_ARB_pixel_format WGL_ARB_pbuffer WGL_EXT_extensions_string WGL_EXT_swap_control WGL_EXT_swap_control_tear WGL_ARB_multisample WGL_ARB_pixel_format_float WGL_ARB_framebuffer_sRGB WGL_ARB_create_context WGL_ARB_create_context_profile WGL_EXT_pixel_format_packed_float WGL_EXT_create_context_es_profile WGL_EXT_create_context_es2_profile WGL_NV_DX_interop WGL_ARB_create_context_robustness 
14:12:57: ***************************
14:12:57: *** GL Renderer Started ***
14:12:57: ***************************
14:12:58: Registering ResourceManager for type GpuProgram
14:12:58: GLSL support detected
14:12:58: GL: Using GL_EXT_framebuffer_object for rendering to textures (best)
14:12:58: FBO PF_UNKNOWN depth/stencil support: D0S1 D0S4 D0S8 D0S16 D16S0 D16S1 D16S4 D16S8 D16S16 D24S0 D24S1 D24S4 D24S8 D24S16 D32S0 D32S1 D32S4 D32S8 D32S16 Packed-D24S8 
14:12:58: FBO PF_A8 depth/stencil support: D0S0 D0S1 D0S4 D0S8 D0S16 D16S0 D16S1 D16S4 D16S8 D16S16 D24S0 D24S1 D24S4 D24S8 D24S16 D32S0 D32S1 D32S4 D32S8 D32S16 Packed-D24S8 
14:12:58: FBO PF_R5G6B5 depth/stencil support: D0S0 D0S1 D0S4 D0S8 D0S16 D16S0 D16S1 D16S4 D16S8 D16S16 D24S0 D24S1 D24S4 D24S8 D24S16 D32S0 D32S1 D32S4 D32S8 D32S16 Packed-D24S8 
14:12:58: FBO PF_B5G6R5 depth/stencil support: D0S0 D0S1 D0S4 D0S8 D0S16 D16S0 D16S1 D16S4 D16S8 D16S16 D24S0 D24S1 D24S4 D24S8 D24S16 D32S0 D32S1 D32S4 D32S8 D32S16 Packed-D24S8 
14:12:58: FBO PF_A4R4G4B4 depth/stencil support: D0S0 D0S1 D0S4 D0S8 D0S16 D16S0 D16S1 D16S4 D16S8 D16S16 D24S0 D24S1 D24S4 D24S8 D24S16 D32S0 D32S1 D32S4 D32S8 D32S16 Packed-D24S8 
14:12:58: FBO PF_A1R5G5B5 depth/stencil support: D0S0 D0S1 D0S4 D0S8 D0S16 D16S0 D16S1 D16S4 D16S8 D16S16 D24S0 D24S1 D24S4 D24S8 D24S16 D32S0 D32S1 D32S4 D32S8 D32S16 Packed-D24S8 
14:12:58: FBO PF_R8G8B8 depth/stencil support: D0S0 D0S1 D0S4 D0S8 D0S16 D16S0 D16S1 D16S4 D16S8 D16S16 D24S0 D24S1 D24S4 D24S8 D24S16 D32S0 D32S1 D32S4 D32S8 D32S16 Packed-D24S8 
14:12:58: FBO PF_B8G8R8 depth/stencil support: D0S0 D0S1 D0S4 D0S8 D0S16 D16S0 D16S1 D16S4 D16S8 D16S16 D24S0 D24S1 D24S4 D24S8 D24S16 D32S0 D32S1 D32S4 D32S8 D32S16 Packed-D24S8 
14:12:58: FBO PF_A8R8G8B8 depth/stencil support: D0S0 D0S1 D0S4 D0S8 D0S16 D16S0 D16S1 D16S4 D16S8 D16S16 D24S0 D24S1 D24S4 D24S8 D24S16 D32S0 D32S1 D32S4 D32S8 D32S16 Packed-D24S8 
14:12:58: FBO PF_B8G8R8A8 depth/stencil support: D0S0 D0S1 D0S4 D0S8 D0S16 D16S0 D16S1 D16S4 D16S8 D16S16 D24S0 D24S1 D24S4 D24S8 D24S16 D32S0 D32S1 D32S4 D32S8 D32S16 Packed-D24S8 
14:12:58: FBO PF_A2R10G10B10 depth/stencil support: D0S0 D0S1 D0S4 D0S8 D0S16 D16S0 D16S1 D16S4 D16S8 D16S16 D24S0 D24S1 D24S4 D24S8 D24S16 D32S0 D32S1 D32S4 D32S8 D32S16 Packed-D24S8 
14:12:58: FBO PF_A2B10G10R10 depth/stencil support: D0S0 D0S1 D0S4 D0S8 D0S16 D16S0 D16S1 D16S4 D16S8 D16S16 D24S0 D24S1 D24S4 D24S8 D24S16 D32S0 D32S1 D32S4 D32S8 D32S16 Packed-D24S8 
14:12:58: FBO PF_FLOAT16_RGB depth/stencil support: D0S0 D0S1 D0S4 D0S8 D0S16 D16S0 D16S1 D16S4 D16S8 D16S16 D24S0 D24S1 D24S4 D24S8 D24S16 D32S0 D32S1 D32S4 D32S8 D32S16 Packed-D24S8 
14:12:58: FBO PF_FLOAT16_RGBA depth/stencil support: D0S0 D0S1 D0S4 D0S8 D0S16 D16S0 D16S1 D16S4 D16S8 D16S16 D24S0 D24S1 D24S4 D24S8 D24S16 D32S0 D32S1 D32S4 D32S8 D32S16 Packed-D24S8 
14:12:58: FBO PF_FLOAT32_RGB depth/stencil support: D0S0 D0S1 D0S4 D0S8 D0S16 D16S0 D16S1 D16S4 D16S8 D16S16 D24S0 D24S1 D24S4 D24S8 D24S16 D32S0 D32S1 D32S4 D32S8 D32S16 Packed-D24S8 
14:12:58: FBO PF_FLOAT32_RGBA depth/stencil support: D0S0 D0S1 D0S4 D0S8 D0S16 D16S0 D16S1 D16S4 D16S8 D16S16 D24S0 D24S1 D24S4 D24S8 D24S16 D32S0 D32S1 D32S4 D32S8 D32S16 Packed-D24S8 
14:12:58: FBO PF_X8R8G8B8 depth/stencil support: D0S0 D0S1 D0S4 D0S8 D0S16 D16S0 D16S1 D16S4 D16S8 D16S16 D24S0 D24S1 D24S4 D24S8 D24S16 D32S0 D32S1 D32S4 D32S8 D32S16 Packed-D24S8 
14:12:58: FBO PF_X8B8G8R8 depth/stencil support: D0S0 D0S1 D0S4 D0S8 D0S16 D16S0 D16S1 D16S4 D16S8 D16S16 D24S0 D24S1 D24S4 D24S8 D24S16 D32S0 D32S1 D32S4 D32S8 D32S16 Packed-D24S8 
14:12:58: FBO PF_SHORT_RGBA depth/stencil support: D0S0 D0S1 D0S4 D0S8 D0S16 D16S0 D16S1 D16S4 D16S8 D16S16 D24S0 D24S1 D24S4 D24S8 D24S16 D32S0 D32S1 D32S4 D32S8 D32S16 Packed-D24S8 
14:12:58: FBO PF_R3G3B2 depth/stencil support: D0S0 D0S1 D0S4 D0S8 D0S16 D16S0 D16S1 D16S4 D16S8 D16S16 D24S0 D24S1 D24S4 D24S8 D24S16 D32S0 D32S1 D32S4 D32S8 D32S16 Packed-D24S8 
14:12:58: FBO PF_SHORT_RGB depth/stencil support: D0S0 D0S1 D0S4 D0S8 D0S16 D16S0 D16S1 D16S4 D16S8 D16S16 D24S0 D24S1 D24S4 D24S8 D24S16 D32S0 D32S1 D32S4 D32S8 D32S16 Packed-D24S8 
14:12:58: [GL] : Valid FBO targets PF_UNKNOWN PF_A8 PF_R5G6B5 PF_B5G6R5 PF_A4R4G4B4 PF_A1R5G5B5 PF_R8G8B8 PF_B8G8R8 PF_A8R8G8B8 PF_B8G8R8A8 PF_A2R10G10B10 PF_A2B10G10R10 PF_FLOAT16_RGB PF_FLOAT16_RGBA PF_FLOAT32_RGB PF_FLOAT32_RGBA PF_X8R8G8B8 PF_X8B8G8R8 PF_SHORT_RGBA PF_R3G3B2 PF_SHORT_RGB 
14:12:58: RenderSystem capabilities
14:12:58: -------------------------
14:12:58: RenderSystem Name: OpenGL Rendering Subsystem
14:12:58: GPU Vendor: intel
14:12:58: Device Name: Intel(R) HD Graphics 5000
14:12:58: Driver Version: 4.2.0.0
14:12:58:  * Fixed function pipeline: yes
14:12:58:  * Hardware generation of mipmaps: no
14:12:58:  * Texture blending: yes
14:12:58:  * Anisotropic texture filtering: yes
14:12:58:  * Dot product texture operation: yes
14:12:58:  * Cube mapping: yes
14:12:58:  * Hardware stencil buffer: yes
14:12:58:    - Stencil depth: 8
14:12:58:    - Two sided stencil support: yes
14:12:58:    - Wrap stencil values: yes
14:12:58:  * Hardware vertex / index buffers: yes
14:12:58:  * Vertex programs: yes
14:12:58:  * Number of floating-point constants for vertex programs: 256
14:12:58:  * Number of integer constants for vertex programs: 0
14:12:58:  * Number of boolean constants for vertex programs: 0
14:12:58:  * Fragment programs: yes
14:12:58:  * Number of floating-point constants for fragment programs: 256
14:12:58:  * Number of integer constants for fragment programs: 0
14:12:58:  * Number of boolean constants for fragment programs: 0
14:12:58:  * Geometry programs: yes
14:12:58:  * Number of floating-point constants for geometry programs: 256
14:12:58:  * Number of integer constants for geometry programs: 0
14:12:58:  * Number of boolean constants for geometry programs: 0
14:12:58:  * Supported Shader Profiles: arbfp1 arbvp1 glsl gp4gp gpu_gp nvgp4
14:12:58:  * Texture Compression: yes
14:12:58:    - DXT: yes
14:12:58:    - VTC: no
14:12:58:    - PVRTC: no
14:12:58:  * Scissor Rectangle: yes
14:12:58:  * Hardware Occlusion Query: yes
14:12:58:  * User clip planes: yes
14:12:58:  * VET_UBYTE4 vertex element type: yes
14:12:58:  * Infinite far plane projection: yes
14:12:58:  * Hardware render-to-texture: yes
14:12:58:  * Floating point textures: yes
14:12:58:  * Non-power-of-two textures: yes
14:12:58:  * Volume textures: yes
14:12:58:  * Multiple Render Targets: 8
14:12:58:    - With different bit depths: yes
14:12:58:  * Point Sprites: yes
14:12:58:  * Extended point parameters: yes
14:12:58:  * Max Point Size: 255
14:12:58:  * Vertex texture fetch: yes
14:12:58:  * Number of world matrices: 0
14:12:58:  * Number of texture units: 16
14:12:58:  * Stencil buffer depth: 8
14:12:58:  * Number of vertex blend matrices: 0
14:12:58:    - Max vertex textures: 16
14:12:58:    - Vertex textures shared: yes
14:12:58:  * Render to Vertex Buffer : no
14:12:58:  * GL 1.5 without VBO workaround: no
14:12:58:  * Frame Buffer objects: yes
14:12:58:  * Frame Buffer objects (ARB extension): no
14:12:58:  * Frame Buffer objects (ATI extension): no
14:12:58:  * PBuffer support: yes
14:12:58:  * GL 1.5 without HW-occlusion workaround: no
14:12:58: Registering ResourceManager for type Texture
14:12:58: DefaultWorkQueue('Root') initialising on thread main.
14:12:58: Particle Renderer Type 'billboard' registered
14:12:58: SceneManagerFactory for type 'BspSceneManager' registered.
14:12:58: Registering ResourceManager for type BspLevel
14:12:58: SceneManagerFactory for type 'PCZSceneManager' registered.
14:12:58: MovableObjectFactory for type 'PCZLight' registered.
14:12:58: MovableObjectFactory for type 'Portal' registered.
14:12:58: MovableObjectFactory for type 'AntiPortal' registered.
14:12:58: PCZone Factory Type 'ZoneType_Octree' registered
14:12:58: PCZone Factory Type 'ZoneType_Terrain' registered
14:12:58: SceneManagerFactory for type 'OctreeSceneManager' registered.
14:12:58: SceneManagerFactory for type 'TerrainSceneManager' registered.
14:12:58: Initialising resource group Essential
14:12:58: Parsing scripts for resource group Essential
14:12:58: Parsing script BCITrays.material
14:12:58: Compiler error: unknown error in BCITrays.material(215): base object named "SdkTrays/Base" not found in script definition
14:12:58: Compiler error: unknown error in BCITrays.material(229): base object named "SdkTrays/Base" not found in script definition
14:12:58: Compiler error: unknown error in BCITrays.material(243): base object named "SdkTrays/Base" not found in script definition
14:12:58: Compiler error: unknown error in BCITrays.material(257): base object named "SdkTrays/Base" not found in script definition
14:12:58: Compiler error: unknown error in BCITrays.material(271): base object named "SdkTrays/Base" not found in script definition
14:12:58: Parsing script GATrays.material
14:12:58: Parsing script SdkTrays.material
14:12:58: Parsing script SdkTrays.fontdef
14:12:58: Parsing script GATrays.overlay
14:12:58: Texture: bci_frame.png: Loading 1 faces(PF_A8R8G8B8,32x32x1) with 5 generated mipmaps from Image. Internal format is PF_A8R8G8B8,32x32x1.
14:12:58: Texture: bci_mini_tray.png: Loading 1 faces(PF_A8R8G8B8,32x32x1) with 5 generated mipmaps from Image. Internal format is PF_A8R8G8B8,32x32x1.
14:12:58: Texture: ga_frame.png: Loading 1 faces(PF_A8R8G8B8,32x32x1) with 5 generated mipmaps from Image. Internal format is PF_A8R8G8B8,32x32x1.
14:12:58: Texture: sdk_mini_tray.png: Loading 1 faces(PF_A8R8G8B8,32x32x1) with 5 generated mipmaps from Image. Internal format is PF_A8R8G8B8,32x32x1.
14:12:58: Texture: sdk_frame.png: Loading 1 faces(PF_A8R8G8B8,32x32x1) with 5 generated mipmaps from Image. Internal format is PF_A8R8G8B8,32x32x1.
14:12:58: Texture: empty.png: Loading 1 faces(PF_A8R8G8B8,40x40x1) with 5 generated mipmaps from Image. Internal format is PF_A8R8G8B8,40x40x1.
14:12:58: Texture: bci_mini_text_box.png: Loading 1 faces(PF_A8R8G8B8,32x32x1) with 5 generated mipmaps from Image. Internal format is PF_A8R8G8B8,32x32x1.
14:12:58: Texture: sdk_mini_text_box_over.png: Loading 1 faces(PF_A8R8G8B8,32x32x1) with 5 generated mipmaps from Image. Internal format is PF_A8R8G8B8,32x32x1.
14:12:58: Texture: sdk_pulse.png: Loading 1 faces(PF_R8G8B8,8x1x1) with 3 generated mipmaps from Image. Internal format is PF_X8R8G8B8,8x1x1.
14:12:58: Parsing script SdkTrays.overlay
14:12:58: Bad element attribute line: '# you can offset the image to change the cursor "hotspot"' for element SdkTrays/Cursor in overlay 
14:12:58: Texture: sdk_cursor.png: Loading 1 faces(PF_A8R8G8B8,32x32x1) with 5 generated mipmaps from Image. Internal format is PF_A8R8G8B8,32x32x1.
14:12:58: Texture: sdk_tray.png: Loading 1 faces(PF_A8R8G8B8,64x64x1) with 6 generated mipmaps from Image. Internal format is PF_A8R8G8B8,64x64x1.
14:12:58: Texture: bci_button_up.png: Loading 1 faces(PF_A8R8G8B8,128x32x1) with 7 generated mipmaps from Image. Internal format is PF_A8R8G8B8,128x32x1.
14:12:58: Texture: sdk_text_box.png: Loading 1 faces(PF_A8R8G8B8,32x32x1) with 5 generated mipmaps from Image. Internal format is PF_A8R8G8B8,32x32x1.
14:12:58: Texture: sdk_track.png: Loading 1 faces(PF_A8R8G8B8,16x32x1) with 5 generated mipmaps from Image. Internal format is PF_A8R8G8B8,16x32x1.
14:12:58: Texture: sdk_handle.png: Loading 1 faces(PF_A8R8G8B8,16x16x1) with 4 generated mipmaps from Image. Internal format is PF_A8R8G8B8,16x16x1.
14:12:58: Texture: sdk_mini_text_box.png: Loading 1 faces(PF_A8R8G8B8,32x32x1) with 5 generated mipmaps from Image. Internal format is PF_A8R8G8B8,32x32x1.
14:12:58: Texture: sdk_label.png: Loading 1 faces(PF_A8R8G8B8,32x32x1) with 5 generated mipmaps from Image. Internal format is PF_A8R8G8B8,32x32x1.
14:12:58: Texture: sdk_separator.png: Loading 1 faces(PF_A8R8G8B8,64x16x1) with 6 generated mipmaps from Image. Internal format is PF_A8R8G8B8,64x16x1.
14:12:58: Texture: GrandiaEngine.png: Loading 1 faces(PF_A8R8G8B8,128x64x1) with 7 generated mipmaps from Image. Internal format is PF_A8R8G8B8,128x64x1.
14:12:58: Texture: sdk_shade.png: Loading 1 faces(PF_A8R8G8B8,64x48x1) with 6 generated mipmaps from Image. Internal format is PF_A8R8G8B8,64x48x1.
14:12:58: Finished parsing scripts for resource group Essential
14:12:58: Texture: ga.png: Loading 1 faces(PF_R8G8B8,1024x768x1) with 10 generated mipmaps from Image. Internal format is PF_X8R8G8B8,1024x768x1.
14:12:58: Parsing scripts for resource group Autodetect
14:12:58: Font SdkTrays/Captionusing texture size 512x256
14:12:58: Info: Freetype returned null for character 160 in font SdkTrays/Caption
14:12:58: Texture: SdkTrays/CaptionTexture: Loading 1 faces(PF_BYTE_LA,512x256x1) with 0 generated mipmaps from Image. Internal format is PF_BYTE_LA,512x256x1.
14:12:58: Font SdkTrays/Valueusing texture size 512x512
14:12:58: Info: Freetype returned null for character 127 in font SdkTrays/Value
14:12:58: Info: Freetype returned null for character 128 in font SdkTrays/Value
14:12:58: Info: Freetype returned null for character 129 in font SdkTrays/Value
14:12:58: Info: Freetype returned null for character 130 in font SdkTrays/Value
14:12:58: Info: Freetype returned null for character 131 in font SdkTrays/Value
14:12:58: Info: Freetype returned null for character 132 in font SdkTrays/Value
14:12:58: Info: Freetype returned null for character 133 in font SdkTrays/Value
14:12:58: Info: Freetype returned null for character 134 in font SdkTrays/Value
14:12:58: Info: Freetype returned null for character 135 in font SdkTrays/Value
14:12:58: Info: Freetype returned null for character 136 in font SdkTrays/Value
14:12:58: Info: Freetype returned null for character 137 in font SdkTrays/Value
14:12:58: Info: Freetype returned null for character 138 in font SdkTrays/Value
14:12:58: Info: Freetype returned null for character 139 in font SdkTrays/Value
14:12:58: Info: Freetype returned null for character 140 in font SdkTrays/Value
14:12:58: Info: Freetype returned null for character 141 in font SdkTrays/Value
14:12:58: Info: Freetype returned null for character 142 in font SdkTrays/Value
14:12:58: Info: Freetype returned null for character 143 in font SdkTrays/Value
14:12:58: Info: Freetype returned null for character 144 in font SdkTrays/Value
14:12:58: Info: Freetype returned null for character 145 in font SdkTrays/Value
14:12:58: Info: Freetype returned null for character 146 in font SdkTrays/Value
14:12:58: Info: Freetype returned null for character 147 in font SdkTrays/Value
14:12:58: Info: Freetype returned null for character 148 in font SdkTrays/Value
14:12:58: Info: Freetype returned null for character 149 in font SdkTrays/Value
14:12:58: Info: Freetype returned null for character 150 in font SdkTrays/Value
14:12:58: Info: Freetype returned null for character 151 in font SdkTrays/Value
14:12:58: Info: Freetype returned null for character 152 in font SdkTrays/Value
14:12:58: Info: Freetype returned null for character 153 in font SdkTrays/Value
14:12:58: Info: Freetype returned null for character 154 in font SdkTrays/Value
14:12:58: Info: Freetype returned null for character 155 in font SdkTrays/Value
14:12:58: Info: Freetype returned null for character 156 in font SdkTrays/Value
14:12:58: Info: Freetype returned null for character 157 in font SdkTrays/Value
14:12:58: Info: Freetype returned null for character 158 in font SdkTrays/Value
14:12:58: Info: Freetype returned null for character 159 in font SdkTrays/Value
14:12:58: Info: Freetype returned null for character 160 in font SdkTrays/Value
14:12:58: Texture: SdkTrays/ValueTexture: Loading 1 faces(PF_BYTE_LA,512x512x1) with 0 generated mipmaps from Image. Internal format is PF_BYTE_LA,512x512x1.
14:12:58: Finished parsing scripts for resource group Autodetect
14:12:58: Parsing scripts for resource group General
14:12:58: Finished parsing scripts for resource group General
14:12:58: Parsing scripts for resource group Internal
14:12:58: Finished parsing scripts for resource group Internal
14:12:58: Parsing scripts for resource group Popular
14:12:58: Parsing script Examples.program
14:12:58: GLSL compiling: Ogre/BasicVertexPrograms/AmbientOneTextureGLSL
14:12:58: GLSL compiled : Ogre/BasicVertexPrograms/AmbientOneTextureGLSL
14:12:58: GLSL compiling: Ogre/HardwareSkinningTwoWeightsGLSL
14:12:58: GLSL compiled : Ogre/HardwareSkinningTwoWeightsGLSL
14:12:58: OGRE EXCEPTION(2:InvalidParametersException): Parameter called ambient does not exist.  in GpuProgramParameters::_findNamedConstantDefinition at E:\ogre\ogre_src_v1-7-3\OgreMain\src\OgreGpuProgramParams.cpp (line 1435)
14:12:58: Compiler error: invalid parameters in Examples.program(130): setting of constant failed
14:12:58: Parsing script StdQuad_vp.program
14:12:58: Parsing script deferred_post.program
14:12:58: Parsing script ShadowCaster.program
14:12:58: Parsing script ASCII.material
14:12:58: Parsing script ASMSwizzle.material
14:12:58: Parsing script BlackAndWhite.material
14:12:58: Parsing script Bloom.material
14:12:58: GLSL compiling: Blur_ps_glsl
14:12:58: GLSL compiled : Blur_ps_glsl
14:12:58: GLSL compiling: Blur0_vs_glsl
14:12:58: GLSL compiled : Blur0_vs_glslWARNING: 0:13: 'assigning' : implict conversion between types allowed from GLSL 1.20 
WARNING: 0:14: 'assigning' : implict conversion between types allowed from GLSL 1.20 


14:12:58: GLSL compiling: Blur1_vs_glsl
14:12:58: GLSL compiled : Blur1_vs_glslWARNING: 0:13: 'assigning' : implict conversion between types allowed from GLSL 1.20 
WARNING: 0:14: 'assigning' : implict conversion between types allowed from GLSL 1.20 


14:12:58: Parsing script Bloom2.material
14:12:58: GLSL compiling: Bloom2_ps20_glsl
14:12:58: GLSL compiled : Bloom2_ps20_glsl
14:12:58: Parsing script CGSwizzle.material
14:12:58: Parsing script CompositorDemo.material
14:12:58: Parsing script DepthShadowmap.material
14:12:58: GLSL compiling: Ogre/DepthShadowmap/CasterVP_GLSL
14:12:58: GLSL compiled : Ogre/DepthShadowmap/CasterVP_GLSL
14:12:58: GLSL compiling: Ogre/DepthShadowmap/CasterFP_GLSL
14:12:58: GLSL compiled : Ogre/DepthShadowmap/CasterFP_GLSL
14:12:58: GLSL compiling: Ogre/DepthShadowmap/ReceiverVP_GLSL
14:12:58: GLSL compiled : Ogre/DepthShadowmap/ReceiverVP_GLSL
14:12:58: GLSL compiling: Ogre/DepthShadowmap/ReceiverFP_GLSL
14:12:58: GLSL compiled : Ogre/DepthShadowmap/ReceiverFP_GLSL
14:12:58: GLSL compiling: Ogre/DepthShadowmap/ReceiverFPPCF_GLSL
14:12:58: GLSL compiled : Ogre/DepthShadowmap/ReceiverFPPCF_GLSL
14:12:58: GLSL compiling: Ogre/DepthShadowmap/NormalMapReceiverVP_GLSL
14:12:58: GLSL compiled : Ogre/DepthShadowmap/NormalMapReceiverVP_GLSL
14:12:58: GLSL compiling: Ogre/DepthShadowmap/NormalMapReceiverFP_GLSL
14:12:58: GLSL compiled : Ogre/DepthShadowmap/NormalMapReceiverFP_GLSL
14:12:58: GLSL compiling: Ogre/DepthShadowmap/NormalMapReceiverFPPCF_GLSL
14:12:58: GLSL compiled : Ogre/DepthShadowmap/NormalMapReceiverFPPCF_GLSL
14:12:58: Parsing script Dither.material
14:12:58: Parsing script DOF.material
14:12:58: Parsing script Embossed.material
14:12:58: Parsing script Example-Water.material
14:12:58: Parsing script Examples-Advanced.material
14:12:58: Compiler error: object unsupported by render system in Examples-Advanced.material(383)
14:12:58: Parsing script Examples-DynTex.material
14:12:58: Parsing script Examples-Water.material
14:12:58: Parsing script Examples.material
14:12:58: OGRE EXCEPTION(2:InvalidParametersException): Parameter called camObjPos does not exist.  in GpuProgramParameters::_findNamedConstantDefinition at E:\ogre\ogre_src_v1-7-3\OgreMain\src\OgreGpuProgramParams.cpp (line 1435)
14:12:58: Compiler error: invalid parameters in Examples.material(837): setting of constant failed
14:12:58: GLSL compiling: Ogre/HardwareSkinningTwoWeightsShadowCasterGLSL
14:12:58: GLSL compiled : Ogre/HardwareSkinningTwoWeightsShadowCasterGLSL
14:12:58: Parsing script facial.material
14:12:58: Parsing script GASBasic.material
14:12:58: Parsing script Glass.material
14:12:58: Parsing script GLSLSwizzle.material
14:12:58: GLSL compiling: Ogre/GPTest/Swizzle_GP_GLSL
14:12:58: Cannot compile GLSL high-level shader : Ogre/GPTest/Swizzle_GP_GLSL ERROR: 0:25: 'gl_VerticesIn' : undeclared identifier 
ERROR: 0:32: 'gl_VerticesIn' : undeclared identifier 


14:12:58: OGRE EXCEPTION(7:InternalErrorException): Cannot compile GLSL high-level shader : Ogre/GPTest/Swizzle_GP_GLSL Cannot compile GLSL high-level shader : Ogre/GPTest/Swizzle_GP_GLSL ERROR: 0:25: 'gl_VerticesIn' : undeclared identifier 
ERROR: 0:32: 'gl_VerticesIn' : undeclared identifier 

 in GLSLProgram::compile at E:\ogre\ogre_src_v1-7-3\RenderSystems\GL\src\GLSL\src\OgreGLSLExtSupport.cpp (line 65)
14:12:58: High-level program Ogre/GPTest/Swizzle_GP_GLSL encountered an error during loading and is thus not supported.
OGRE EXCEPTION(7:InternalErrorException): Cannot compile GLSL high-level shader : Ogre/GPTest/Swizzle_GP_GLSL Cannot compile GLSL high-level shader : Ogre/GPTest/Swizzle_GP_GLSL ERROR: 0:25: 'gl_VerticesIn' : undeclared identifier 
ERROR: 0:32: 'gl_VerticesIn' : undeclared identifier 

 in GLSLProgram::compile at E:\ogre\ogre_src_v1-7-3\RenderSystems\GL\src\GLSL\src\OgreGLSLExtSupport.cpp (line 65)
14:12:58: OGRE EXCEPTION(2:InvalidParametersException): Named constants have not been initialised, perhaps a compile error. in GpuProgramParameters::_findNamedConstantDefinition at E:\ogre\ogre_src_v1-7-3\OgreMain\src\OgreGpuProgramParams.cpp (line 1425)
14:12:58: Compiler error: invalid parameters in GLSLSwizzle.material(15): setting of constant failed
14:12:58: OGRE EXCEPTION(2:InvalidParametersException): Named constants have not been initialised, perhaps a compile error. in GpuProgramParameters::_findNamedConstantDefinition at E:\ogre\ogre_src_v1-7-3\OgreMain\src\OgreGpuProgramParams.cpp (line 1425)
14:12:58: Compiler error: invalid parameters in GLSLSwizzle.material(16): setting of constant failed
14:12:58: GLSL compiling: Ogre/GPTest/Passthrough_VP_GLSL
14:12:58: GLSL compiled : Ogre/GPTest/Passthrough_VP_GLSL
14:12:58: Parsing script Halftone.material
14:12:58: Parsing script hdr.material
14:12:58: GLSL compiling: Ogre/Compositor/HDR/downscale2x2LuminenceGLSL_fp
14:12:58: GLSL compiled : Ogre/Compositor/HDR/downscale2x2LuminenceGLSL_fpWARNING: 0:13: 'assigning' : implict conversion between types allowed from GLSL 1.20 
WARNING: 0:13: 'assigning' : implict conversion between types allowed from GLSL 1.20 
WARNING: 0:14: 'assigning' : implict conversion between types allowed from GLSL 1.20 
WARNING: 0:16: 'assigning' : implict conversion between types allowed from GLSL 1.20 


14:12:58: GLSL compiling: Ogre/Compositor/StdQuad_GLSL_vp
14:12:58: GLSL compiled : Ogre/Compositor/StdQuad_GLSL_vp
14:12:58: GLSL compiling: Ogre/Compositor/HDR/downscale3x3GLSL_fp
14:12:58: GLSL compiled : Ogre/Compositor/HDR/downscale3x3GLSL_fpWARNING: 0:11: 'assigning' : implict conversion between types allowed from GLSL 1.20 
WARNING: 0:11: 'assigning' : implict conversion between types allowed from GLSL 1.20 
WARNING: 0:12: 'assigning' : implict conversion between types allowed from GLSL 1.20 
WARNING: 0:13: 'assigning' : implict conversion between types allowed from GLSL 1.20 
WARNING: 0:14: 'assigning' : implict conversion between types allowed from GLSL 1.20 
WARNING: 0:17: 'assigning' : implict conversion between types allowed from GLSL 1.20 


14:12:58: GLSL compiling: Ogre/Compositor/HDR/utils_fp
14:12:58: GLSL compiled : Ogre/Compositor/HDR/utils_fp
14:12:58: GLSL compiling: Ogre/Compositor/HDR/downscale3x3brightpassGLSL_fp
14:12:58: GLSL compiled : Ogre/Compositor/HDR/downscale3x3brightpassGLSL_fpWARNING: 0:15: 'assigning' : implict conversion between types allowed from GLSL 1.20 
WARNING: 0:15: 'assigning' : implict conversion between types allowed from GLSL 1.20 
WARNING: 0:16: 'assigning' : implict conversion between types allowed from GLSL 1.20 
WARNING: 0:17: 'assigning' : implict conversion between types allowed from GLSL 1.20 
WARNING: 0:18: 'assigning' : implict conversion between types allowed from GLSL 1.20 
WARNING: 0:21: 'assigning' : implict conversion between types allowed from GLSL 1.20 


14:12:58: GLSL compiling: Ogre/Compositor/HDR/bloomGLSL_fp
14:12:58: GLSL compiled : Ogre/Compositor/HDR/bloomGLSL_fp
14:12:58: GLSL compiling: Ogre/Compositor/HDR/utils_fp
14:12:58: GLSL compiled : Ogre/Compositor/HDR/utils_fp
14:12:58: GLSL compiling: Ogre/Compositor/HDR/finaltonemappingGLSL_fp
14:12:58: GLSL compiled : Ogre/Compositor/HDR/finaltonemappingGLSL_fp
14:12:58: Parsing script HeatVision.material
14:12:58: Parsing script Hurt.material
14:12:58: Parsing script instancing.material
14:12:58: GLSL compiling: InstancingGLSL
14:12:58: GLSL compiled : InstancingGLSL
14:12:58: GLSL compiling: InstancingShadowCasterGLSL
14:12:58: GLSL compiled : InstancingShadowCasterGLSL
14:12:58: GLSL compiling: CrowdGLSL
14:12:58: GLSL compiled : CrowdGLSL
14:12:58: GLSL compiling: CrowdShadowCasterGLSL
14:12:58: GLSL compiled : CrowdShadowCasterGLSL
14:12:58: Parsing script Invert.material
14:12:58: Parsing script IsoSurf.material
14:12:58: Problem parsing the following Cg Uniform: '@TMP0' in file Ogre/IsoSurf/TessellateTetrahedraGS
14:12:58: Parsing script Laplace.material
14:12:58: Parsing script MotionBlur.material
14:12:58: Parsing script MRTtest.material
14:12:58: GLSL compiling: Ogre/MRTtest/scenefp/GLSL
14:12:58: GLSL compiled : Ogre/MRTtest/scenefp/GLSLWARNING: 0:2: '#extension' :  'GL_ARB_draw_buffers' is not supported


14:12:58: GLSL compiling: Ogre/MRTtest/quadfp/GLSL
14:12:58: GLSL compiled : Ogre/MRTtest/quadfp/GLSL
14:12:58: Parsing script NightVision.material
14:12:58: Parsing script Ocean.material
14:12:58: GLSL compiling: GLSL/OceanVS
14:12:58: GLSL compiled : GLSL/OceanVS
14:12:58: GLSL compiling: GLSL/OceanFS
14:12:58: GLSL compiled : GLSL/OceanFS
14:12:58: GLSL compiling: GLSL/Ocean2VS
14:12:58: GLSL compiled : GLSL/Ocean2VSWARNING: 0:52: 'assigning' : implict conversion between types allowed from GLSL 1.20 
WARNING: 0:53: 'assigning' : implict conversion between types allowed from GLSL 1.20 


14:12:58: GLSL compiling: GLSL/Ocean2FS
14:12:58: GLSL compiled : GLSL/Ocean2FS
14:12:58: Parsing script OffsetMapping.material
14:12:58: Compiler error: object unsupported by render system in OffsetMapping.material(18)
14:12:58: GLSL compiling: Examples/OffsetMappingIntegratedShadowsFPglsl
14:12:58: GLSL compiled : Examples/OffsetMappingIntegratedShadowsFPglsl
14:12:58: GLSL compiling: Examples/OffsetMappingIntegratedShadowsVPglsl
14:12:58: GLSL compiled : Examples/OffsetMappingIntegratedShadowsVPglslWARNING: 0:50: 'assigning' : implict conversion between types allowed from GLSL 1.20 


14:12:58: Parsing script Ogre.material
14:12:58: Parsing script OldMovie.material
14:12:58: Parsing script OldTV.material
14:12:58: Parsing script ParticleGS.material
14:12:58: Parsing script Penguin.material
14:12:58: Parsing script Posterize.material
14:12:58: Parsing script pssm.material
14:12:58: Parsing script RadialBlur.material
14:12:58: Parsing script RZR-002.material
14:12:58: Parsing script ShaderSystem.material
14:12:58: Parsing script shadows.material
14:12:58: Parsing script SharpenEdges.material
14:12:58: Parsing script sibenik.material
14:12:58: Parsing script smoke.material
14:12:58: Parsing script Tiling.material
14:12:58: Parsing script VarianceShadowmap.material
14:12:58: Parsing script deferreddemo.material
14:12:58: Parsing script deferred_post.material
14:12:58: Parsing script deferred_post_minilight.material
14:12:59: Parsing script ShadowCaster.material
14:12:59: Parsing script ssao.material
14:12:59: Parsing script ROOM.material
14:12:59: Parsing script RTShaderSystem.material
14:12:59: Compiler error: unknown error in RTShaderSystem.material(23): token "rtshader_system" is not recognized
14:12:59: Compiler error: unknown error in RTShaderSystem.material(52): token "rtshader_system" is not recognized
14:12:59: Compiler error: unknown error in RTShaderSystem.material(81): token "rtshader_system" is not recognized
14:12:59: Compiler error: unknown error in RTShaderSystem.material(110): token "rtshader_system" is not recognized
14:12:59: Compiler error: unknown error in RTShaderSystem.material(146): token "rtshader_system" is not recognized
14:12:59: Compiler error: unknown error in RTShaderSystem.material(81): token "rtshader_system" is not recognized
14:12:59: Compiler error: unknown error in RTShaderSystem.material(162): token "rtshader_system" is not recognized
14:12:59: Compiler error: unknown error in RTShaderSystem.material(81): token "rtshader_system" is not recognized
14:12:59: Compiler error: unknown error in RTShaderSystem.material(110): token "rtshader_system" is not recognized
14:12:59: Parsing script OgreCore.material
14:12:59: Parsing script OgreProfiler.material
14:12:59: Parsing script beizi.material
14:12:59: Parsing script car1.material
14:12:59: Parsing script cylinderZ.material
14:12:59: Parsing script iphone4.material
14:12:59: Parsing script laptop1.material
14:12:59: Parsing script laptop2.material
14:12:59: Parsing script laptop3.material
14:12:59: Parsing script laptop4.material
14:12:59: Parsing script laptop5.material
14:12:59: Parsing script panzi.material
14:12:59: Parsing script shoutuiche.material
14:12:59: Parsing script tree1.material
14:12:59: Parsing script wolf1.material
14:12:59: Parsing script bus1_body.material
14:12:59: Parsing script bus1_wheel.material
14:12:59: Parsing script car10.material
14:12:59: Parsing script car11.material
14:12:59: Parsing script car12.material
14:12:59: Parsing script car13.material
14:12:59: Parsing script car14.material
14:12:59: Parsing script car15.material
14:12:59: Parsing script car16.material
14:12:59: Parsing script car17.material
14:12:59: Parsing script car18.material
14:12:59: Parsing script car19.material
14:12:59: Parsing script car2.material
14:12:59: Parsing script car20.material
14:12:59: Parsing script car21.material
14:12:59: Parsing script car22.material
14:12:59: Parsing script car23.material
14:12:59: Parsing script car3.material
14:12:59: Parsing script car4.material
14:12:59: Parsing script car5.material
14:12:59: Parsing script car6.material
14:12:59: Parsing script car7.material
14:12:59: Parsing script car8.material
14:12:59: Parsing script car9.material
14:12:59: Parsing script appleRed.material
14:12:59: Parsing script appleRedQuatuer.material
14:12:59: Parsing script bangongzhuo1.material
14:12:59: Parsing script beizi.material
14:12:59: Parsing script beizi2.material
14:12:59: Parsing script beizi3.material
14:12:59: Parsing script bingxiang1.material
14:12:59: Parsing script booksingle.material
14:12:59: Parsing script chaji1.material
14:12:59: Parsing script chuang1.material
14:12:59: Parsing script coca1.material
14:12:59: Parsing script danrenshafa1.material
14:12:59: Parsing script dianshigui1.material
14:12:59: Parsing script hanlingsha.material
14:12:59: Parsing script hanlingsha2.material
14:12:59: Parsing script huapen1.material
14:12:59: Parsing script man11.material
14:12:59: Parsing script man2.material
14:12:59: Parsing script man3.material
14:12:59: Parsing script man4.material
14:12:59: Parsing script man5.material
14:12:59: Parsing script man_ori.material
14:12:59: Parsing script maotan1.material
14:12:59: Parsing script orange1.material
14:12:59: Parsing script pinghengmu.material
14:12:59: Parsing script pinghengmu1.material
14:12:59: Parsing script pinghengmu2.material
14:12:59: Parsing script pinghengqiu.material
14:12:59: Parsing script renzou1.material
14:12:59: Parsing script shafa1.material
14:12:59: Parsing script shafa2.material
14:12:59: Parsing script shafa3.material
14:12:59: Parsing script shugui1.material
14:12:59: Parsing script shugui2.material
14:12:59: Parsing script shuibei1.material
14:12:59: Parsing script sign1.material
14:12:59: Parsing script signman1.material
14:12:59: Parsing script signsudu40.material
14:12:59: Parsing script signsudu60.material
14:12:59: Parsing script signsudu90.material
14:12:59: Parsing script signyouzhuan1.material
14:12:59: Parsing script signzuozhuan1.material
14:12:59: Parsing script towel1.material
14:12:59: Parsing script tree.05.material
14:12:59: Parsing script tree.07.material
14:12:59: Parsing script tree.09.material
14:12:59: Parsing script waitress.material
14:12:59: Parsing script watermelon.material
14:12:59: Parsing script woman11.material
14:12:59: Parsing script xiyiji1.material
14:12:59: Parsing script yaling.material
14:12:59: Parsing script yinliao2.material
14:12:59: Parsing script yizi1.material
14:12:59: Parsing script yizi2.material
14:12:59: Parsing script zhiwu1.material
14:12:59: Parsing script zhiwu2.material
14:12:59: Parsing script zhuozi1.material
14:12:59: Parsing script zhuozi2.material
14:12:59: Parsing script RomanBath.material
14:12:59: Parsing script Sinbad.material
14:12:59: Parsing script emitted_emitter.particle
14:12:59: Parsing script Examples-Water.particle
14:12:59: Parsing script Examples.particle
14:12:59: Parsing script smoke.particle
14:12:59: Parsing script Examples.compositor
14:12:59: Parsing script deferred.compositor
14:12:59: Parsing script ssao.compositor
14:12:59: Parsing script sample.fontdef
14:12:59: Parsing script Ogre.fontdef
14:12:59: Parsing script OgreDebugPanel.overlay
14:12:59: Texture: New_Ogre_Border_Center.png: Loading 1 faces(PF_A8R8G8B8,256x128x1) with 8 generated mipmaps from Image. Internal format is PF_A8R8G8B8,256x128x1.
14:12:59: Texture: New_Ogre_Border.png: Loading 1 faces(PF_A8R8G8B8,256x256x1) with 8 generated mipmaps from Image. Internal format is PF_A8R8G8B8,256x256x1.
14:12:59: Texture: New_Ogre_Border_Break.png: Loading 1 faces(PF_A8R8G8B8,32x32x1) with 5 generated mipmaps from Image. Internal format is PF_A8R8G8B8,32x32x1.
14:12:59: Texture: ogretext.png: Loading 1 faces(PF_A8R8G8B8,256x128x1) with 8 generated mipmaps from Image. Internal format is PF_A8R8G8B8,256x128x1.
14:12:59: Parsing script OgreLoadingPanel.overlay
14:12:59: Finished parsing scripts for resource group Popular
14:12:59: Texture: morning_fr.jpg: Loading 1 faces(PF_R8G8B8,512x512x1) with 5 generated mipmaps from Image. Internal format is PF_X8R8G8B8,512x512x1.
14:12:59: Texture: morning_bk.jpg: Loading 1 faces(PF_R8G8B8,512x512x1) with 5 generated mipmaps from Image. Internal format is PF_X8R8G8B8,512x512x1.
14:12:59: Texture: morning_lf.jpg: Loading 1 faces(PF_R8G8B8,512x512x1) with 5 generated mipmaps from Image. Internal format is PF_X8R8G8B8,512x512x1.
14:12:59: Texture: morning_rt.jpg: Loading 1 faces(PF_R8G8B8,512x512x1) with 5 generated mipmaps from Image. Internal format is PF_X8R8G8B8,512x512x1.
14:12:59: Texture: morning_up.jpg: Loading 1 faces(PF_R8G8B8,512x512x1) with 5 generated mipmaps from Image. Internal format is PF_X8R8G8B8,512x512x1.
14:12:59: Texture: morning_dn.jpg: Loading 1 faces(PF_R8G8B8,512x512x1) with 5 generated mipmaps from Image. Internal format is PF_X8R8G8B8,512x512x1.
14:12:59: *** Initializing OIS ***
14:13:00: Texture: bci2.png: Loading 1 faces(PF_R8G8B8,1022x766x1) with 5 generated mipmaps from Image. Internal format is PF_X8R8G8B8,1022x766x1.
14:13:00: Texture: scene1.jpg: Loading 1 faces(PF_R8G8B8,170x100x1) with 5 generated mipmaps from Image. Internal format is PF_X8R8G8B8,170x100x1.
14:13:00: Texture: scene2.jpg: Loading 1 faces(PF_R8G8B8,170x100x1) with 5 generated mipmaps from Image. Internal format is PF_X8R8G8B8,170x100x1.
14:13:00: Texture: scene3.jpg: Loading 1 faces(PF_R8G8B8,170x100x1) with 5 generated mipmaps from Image. Internal format is PF_X8R8G8B8,170x100x1.
14:13:00: Texture: scene4.jpg: Loading 1 faces(PF_R8G8B8,170x100x1) with 5 generated mipmaps from Image. Internal format is PF_X8R8G8B8,170x100x1.
14:13:00: Texture: scene5.jpg: Loading 1 faces(PF_R8G8B8,170x100x1) with 5 generated mipmaps from Image. Internal format is PF_X8R8G8B8,170x100x1.
14:13:00: OGRE EXCEPTION(5:ItemIdentityException): Menu "ConfigOption2" contains no item "N/A". in SelectMenu::selectItem at J:\Projects20130401\GrandArtProcessor\include\OGRE\SdkTrays.h (line 864)
14:13:00: Texture: jiaodalogo1.png: Loading 1 faces(PF_A8R8G8B8,88x88x1) with 5 generated mipmaps from Image. Internal format is PF_A8R8G8B8,88x88x1.
14:13:00: Texture: house1_6.bsp@lightmap0: Loading 1 faces(PF_B8G8R8,128x128x1) with 0 generated mipmaps from Image. Internal format is PF_X8R8G8B8,128x128x1.
14:13:00: Texture: house1_6.bsp@lightmap1: Loading 1 faces(PF_B8G8R8,128x128x1) with 0 generated mipmaps from Image. Internal format is PF_X8R8G8B8,128x128x1.
14:13:00: Texture: house1_6.bsp@lightmap2: Loading 1 faces(PF_B8G8R8,128x128x1) with 0 generated mipmaps from Image. Internal format is PF_X8R8G8B8,128x128x1.
14:13:00: Texture: textures/house/mianban3.jpg: Loading 1 faces(PF_R8G8B8,512x512x1) with 5 generated mipmaps from Image. Internal format is PF_X8R8G8B8,512x512x1.
14:13:00: Texture: textures/house/yaoxian2.jpg: Loading 1 faces(PF_R8G8B8,647x236x1) with 5 generated mipmaps from Image. Internal format is PF_X8R8G8B8,647x236x1.
14:13:00: Texture: textures/qz/q15.jpg: Loading 1 faces(PF_R8G8B8,591x591x1) with 5 generated mipmaps from Image. Internal format is PF_X8R8G8B8,591x591x1.
14:13:00: Texture: textures/house/guahua4.jpg: Loading 1 faces(PF_R8G8B8,560x560x1) with 5 generated mipmaps from Image. Internal format is PF_X8R8G8B8,560x560x1.
14:13:00: Texture: textures/house/yaoxian3.jpg: Loading 1 faces(PF_R8G8B8,381x113x1) with 5 generated mipmaps from Image. Internal format is PF_X8R8G8B8,381x113x1.
14:13:00: Texture: textures/house/yaoxian1_1.jpg: Loading 1 faces(PF_R8G8B8,299x97x1) with 5 generated mipmaps from Image. Internal format is PF_X8R8G8B8,299x97x1.
14:13:00: Texture: textures/house/yaoxian1.jpg: Loading 1 faces(PF_R8G8B8,297x97x1) with 5 generated mipmaps from Image. Internal format is PF_X8R8G8B8,297x97x1.
14:13:00: Texture: textures/common/white01.jpg: Loading 1 faces(PF_R8G8B8,50x50x1) with 5 generated mipmaps from Image. Internal format is PF_X8R8G8B8,50x50x1.
14:13:00: Texture: textures/house/qiangzhuan2.jpg: Loading 1 faces(PF_R8G8B8,305x305x1) with 5 generated mipmaps from Image. Internal format is PF_X8R8G8B8,305x305x1.
14:13:00: Texture: textures/house/mianban2.jpg: Loading 1 faces(PF_R8G8B8,1200x900x1) with 5 generated mipmaps from Image. Internal format is PF_X8R8G8B8,1200x900x1.
14:13:01: Texture: textures/house/tianhua1.jpg: Loading 1 faces(PF_R8G8B8,512x512x1) with 5 generated mipmaps from Image. Internal format is PF_X8R8G8B8,512x512x1.
14:13:01: Texture: textures/house/diban4.jpg: Loading 1 faces(PF_R8G8B8,150x150x1) with 5 generated mipmaps from Image. Internal format is PF_X8R8G8B8,150x150x1.
14:13:01: Texture: textures/house/qiangzhuan1.jpg: Loading 1 faces(PF_R8G8B8,1094x1093x1) with 5 generated mipmaps from Image. Internal format is PF_X8R8G8B8,1094x1093x1.
14:13:01: Texture: textures/house/diban3.jpg: Loading 1 faces(PF_R8G8B8,859x859x1) with 5 generated mipmaps from Image. Internal format is PF_X8R8G8B8,859x859x1.
14:13:01: Texture: textures/radiant/diban3.jpg: Loading 1 faces(PF_R8G8B8,859x859x1) with 5 generated mipmaps from Image. Internal format is PF_X8R8G8B8,859x859x1.
14:13:02: Texture: exit1.png: Loading 1 faces(PF_A8R8G8B8,40x40x1) with 5 generated mipmaps from Image. Internal format is PF_A8R8G8B8,40x40x1.
14:13:02: Texture: exit2.png: Loading 1 faces(PF_A8R8G8B8,40x40x1) with 5 generated mipmaps from Image. Internal format is PF_A8R8G8B8,40x40x1.
14:13:02: Mesh: Loading yizi2_fix.mesh.
14:13:02: Texture: INDIROSE.JPG: Loading 1 faces(PF_R8G8B8,360x696x1) with 5 generated mipmaps from Image. Internal format is PF_X8R8G8B8,360x696x1.
14:13:02: Texture: INDIROSE.jpg: Loading 1 faces(PF_R8G8B8,360x696x1) with 5 generated mipmaps from Image. Internal format is PF_X8R8G8B8,360x696x1.
14:13:02: Mesh: Loading cube.mesh.
14:13:02: Texture: pink50.png: Loading 1 faces(PF_R8G8B8,538x408x1) with 5 generated mipmaps from Image. Internal format is PF_X8R8G8B8,538x408x1.
14:13:02: Mesh: Loading zhuozi_fix.mesh.
14:13:02: Texture: 20_.jpg: Loading 1 faces(PF_R8G8B8,1000x1000x1) with 5 generated mipmaps from Image. Internal format is PF_X8R8G8B8,1000x1000x1.
14:13:02: Texture: 05_.jpg: Loading 1 faces(PF_R8G8B8,2000x2000x1) with 5 generated mipmaps from Image. Internal format is PF_X8R8G8B8,2000x2000x1.
14:13:04: Mesh: Loading coca1.mesh.
14:13:04: Texture: LOGO.jpg: Loading 1 faces(PF_R8G8B8,3307x1417x1) with 5 generated mipmaps from Image. Internal format is PF_X8R8G8B8,3307x1417x1.
14:13:05: Mesh: Loading shafa3_fix.mesh.
14:13:05: Texture: 135_.jpg: Loading 1 faces(PF_R8G8B8,1600x1200x1) with 5 generated mipmaps from Image. Internal format is PF_X8R8G8B8,1600x1200x1.
14:13:06: Mesh: Loading chaji1_fix.mesh.
14:13:06: Texture: 25_.jpg: Loading 1 faces(PF_R8G8B8,1000x1000x1) with 5 generated mipmaps from Image. Internal format is PF_X8R8G8B8,1000x1000x1.
14:13:06: Mesh: Loading pinghengmu1.mesh.
14:13:06: Texture: 1.png: Loading 1 faces(PF_A8R8G8B8,640x480x1) with 5 generated mipmaps from Image. Internal format is PF_A8R8G8B8,640x480x1.
14:13:06: Mesh: Loading pinghengmu2.mesh.
14:13:06: Texture: 6.png: Loading 1 faces(PF_A8R8G8B8,640x480x1) with 5 generated mipmaps from Image. Internal format is PF_A8R8G8B8,640x480x1.
14:13:06: Mesh: Loading pinghengqiu.mesh.
14:13:06: Texture: Orange.jpg: Loading 1 faces(PF_R8G8B8,1038x449x1) with 5 generated mipmaps from Image. Internal format is PF_X8R8G8B8,1038x449x1.
14:13:07: Mesh: Loading huapen1.mesh.
14:13:07: Texture: 099_.jpg: Loading 1 faces(PF_R8G8B8,512x512x1) with 5 generated mipmaps from Image. Internal format is PF_X8R8G8B8,512x512x1.
14:13:07: Texture: 33-.jpg: Loading 1 faces(PF_R8G8B8,1134x1134x1) with 5 generated mipmaps from Image. Internal format is PF_X8R8G8B8,1134x1134x1.
14:13:07: Mesh: Loading zhiwu2.mesh.
14:13:07: Texture: 061-1.png: Loading 1 faces(PF_A8R8G8B8,150x813x1) with 5 generated mipmaps from Image. Internal format is PF_A8R8G8B8,150x813x1.
14:13:07: Mesh: Loading watermelon.mesh.
14:13:07: Texture: Watermelon_quarter_b.jpg: Loading 1 faces(PF_R8G8B8,128x240x1) with 5 generated mipmaps from Image. Internal format is PF_X8R8G8B8,128x240x1.
14:13:07: Texture: Watermelon_quarter_a.jpg: Loading 1 faces(PF_R8G8B8,128x240x1) with 5 generated mipmaps from Image. Internal format is PF_X8R8G8B8,128x240x1.
14:13:07: Texture: Watermelon.jpg: Loading 1 faces(PF_R8G8B8,480x300x1) with 5 generated mipmaps from Image. Internal format is PF_X8R8G8B8,480x300x1.
14:13:07: Mesh: Loading towel1.mesh.
14:13:07: Texture: 03-.jpg: Loading 1 faces(PF_R8G8B8,700x700x1) with 5 generated mipmaps from Image. Internal format is PF_X8R8G8B8,700x700x1.
14:13:07: Mesh: Loading booksingle.mesh.
14:13:07: Texture: 001_.jpg: Loading 1 faces(PF_R8G8B8,240x240x1) with 5 generated mipmaps from Image. Internal format is PF_X8R8G8B8,240x240x1.
14:13:07: Texture: book_(10).jpg: Loading 1 faces(PF_R8G8B8,660x440x1) with 5 generated mipmaps from Image. Internal format is PF_X8R8G8B8,660x440x1.
14:13:07: Mesh: Loading shuibei1.mesh.
14:13:07: Texture: 138_.jpg: Loading 1 faces(PF_R8G8B8,512x512x1) with 5 generated mipmaps from Image. Internal format is PF_X8R8G8B8,512x512x1.
14:13:07: Mesh: Loading zhiwu1.mesh.
14:13:08: Texture: 096-1.png: Loading 1 faces(PF_A8R8G8B8,350x700x1) with 5 generated mipmaps from Image. Internal format is PF_A8R8G8B8,350x700x1.
14:13:08: Mesh: Loading xiyiji1.mesh.
14:13:08: Texture: dsfewr.jpg: Loading 1 faces(PF_R8G8B8,424x424x1) with 5 generated mipmaps from Image. Internal format is PF_X8R8G8B8,424x424x1.
14:13:08: Mesh: Loading shugui2_fix.mesh.
14:13:08: Texture: arch_interiors_4_009_books-cover.jpg: Loading 1 faces(PF_R8G8B8,1024x1024x1) with 5 generated mipmaps from Image. Internal format is PF_X8R8G8B8,1024x1024x1.
14:13:08: Texture: 9999.jpg: Loading 1 faces(PF_R8G8B8,1024x1024x1) with 5 generated mipmaps from Image. Internal format is PF_X8R8G8B8,1024x1024x1.
14:13:08: Texture: 53852897.jpg: Loading 1 faces(PF_R8G8B8,480x640x1) with 5 generated mipmaps from Image. Internal format is PF_X8R8G8B8,480x640x1.
14:13:08: Mesh: Loading bangongzhuo1.mesh.
14:13:08: Texture: 162_2.jpg: Loading 1 faces(PF_R8G8B8,558x557x1) with 5 generated mipmaps from Image. Internal format is PF_X8R8G8B8,558x557x1.
14:13:08: Texture: 162.jpg: Loading 1 faces(PF_R8G8B8,562x561x1) with 5 generated mipmaps from Image. Internal format is PF_X8R8G8B8,562x561x1.
14:13:08: Mesh: Loading bingxiang1.mesh.
14:13:08: Mesh: Loading yaling.mesh.
14:13:08: Texture: cloth03b.jpg: Loading 1 faces(PF_L8,537x393x1) with 5 generated mipmaps from Image. Internal format is PF_L8,537x393x1.
14:13:08: Texture: 014_.jpg: Loading 1 faces(PF_R8G8B8,512x512x1) with 5 generated mipmaps from Image. Internal format is PF_X8R8G8B8,512x512x1.
14:13:08: Mesh: Loading man_walk.mesh.
14:13:08: Skeleton: Loading man_walk.skeleton
14:13:08: Texture: casual32_m_25.tga: Loading 1 faces(PF_R8G8B8,2048x2048x1) with 5 generated mipmaps from Image. Internal format is PF_X8R8G8B8,2048x2048x1.
14:13:09: Mesh: Loading woman_walk.mesh.
14:13:09: Skeleton: Loading woman_walk.skeleton
14:13:09: Texture: casual02_f_25.png: Loading 1 faces(PF_R8G8B8,2048x2048x1) with 5 generated mipmaps from Image. Internal format is PF_X8R8G8B8,2048x2048x1.
14:13:10: Mesh: Loading woman12.mesh.
14:13:10: Skeleton: Loading woman12.skeleton
14:13:10: Can't assign material body-woman11 to SubEntity of Ogre/MO1 because this Material does not exist. Have you forgotten to define it in a .material script?
14:13:10: Mesh: Loading arrow.mesh.
14:13:10: Texture: pink100.png: Loading 1 faces(PF_A8R8G8B8,538x408x1) with 5 generated mipmaps from Image. Internal format is PF_A8R8G8B8,538x408x1.
14:13:10: Texture: blue.jpg: Loading 1 faces(PF_R8G8B8,50x50x1) with 5 generated mipmaps from Image. Internal format is PF_X8R8G8B8,50x50x1.
14:13:10: Texture: migong1234_2.bsp@lightmap0: Loading 1 faces(PF_B8G8R8,128x128x1) with 0 generated mipmaps from Image. Internal format is PF_X8R8G8B8,128x128x1.
14:13:10: Texture: textures/radiant/CONCR05.jpg: Loading 1 faces(PF_R8G8B8,480x480x1) with 5 generated mipmaps from Image. Internal format is PF_X8R8G8B8,480x480x1.
14:13:10: Texture: textures/radiant/bianyuanlu.jpg: Loading 1 faces(PF_R8G8B8,545x443x1) with 5 generated mipmaps from Image. Internal format is PF_X8R8G8B8,545x443x1.
14:13:10: Texture: textures/radiant/GRASS01.jpg: Loading 1 faces(PF_R8G8B8,480x480x1) with 5 generated mipmaps from Image. Internal format is PF_X8R8G8B8,480x480x1.
14:13:10: Mesh: Loading waitress.mesh.
14:13:10: Skeleton: Loading waitress.skeleton
14:13:10: Texture: casual11_f_30.png: Loading 1 faces(PF_A8R8G8B8,2048x2048x1) with 5 generated mipmaps from Image. Internal format is PF_A8R8G8B8,2048x2048x1.
14:13:11: Texture: casual11_f_30_hair.tga: Loading 1 faces(PF_A8R8G8B8,256x512x1) with 5 generated mipmaps from Image. Internal format is PF_A8R8G8B8,256x512x1.
14:13:11: Texture: house1_6.bsp@lightmap0: Loading 1 faces(PF_B8G8R8,128x128x1) with 0 generated mipmaps from Image. Internal format is PF_X8R8G8B8,128x128x1.
14:13:11: Texture: house1_6.bsp@lightmap1: Loading 1 faces(PF_B8G8R8,128x128x1) with 0 generated mipmaps from Image. Internal format is PF_X8R8G8B8,128x128x1.
14:13:11: Texture: house1_6.bsp@lightmap2: Loading 1 faces(PF_B8G8R8,128x128x1) with 0 generated mipmaps from Image. Internal format is PF_X8R8G8B8,128x128x1.
14:13:11: Mesh: Loading man12.mesh.
14:13:11: Skeleton: Loading man12.skeleton
14:13:11: Texture: house1_6.bsp@lightmap0: Loading 1 faces(PF_B8G8R8,128x128x1) with 0 generated mipmaps from Image. Internal format is PF_X8R8G8B8,128x128x1.
14:13:11: Texture: house1_6.bsp@lightmap1: Loading 1 faces(PF_B8G8R8,128x128x1) with 0 generated mipmaps from Image. Internal format is PF_X8R8G8B8,128x128x1.
14:13:11: Texture: house1_6.bsp@lightmap2: Loading 1 faces(PF_B8G8R8,128x128x1) with 0 generated mipmaps from Image. Internal format is PF_X8R8G8B8,128x128x1.
14:13:11: Texture: blue50.png: Loading 1 faces(PF_A8R8G8B8,538x408x1) with 5 generated mipmaps from Image. Internal format is PF_A8R8G8B8,538x408x1.
14:13:11: Texture: ribbonband.png: Loading 1 faces(PF_R8G8B8,128x1x1) with 5 generated mipmaps from Image. Internal format is PF_X8R8G8B8,128x1x1.
14:13:11: Texture: yellow.png: Loading 1 faces(PF_A8R8G8B8,32x32x1) with 5 generated mipmaps from Image. Internal format is PF_A8R8G8B8,32x32x1.
14:13:11: Texture: house1_6.bsp@lightmap0: Loading 1 faces(PF_B8G8R8,128x128x1) with 0 generated mipmaps from Image. Internal format is PF_X8R8G8B8,128x128x1.
14:13:11: Texture: house1_6.bsp@lightmap1: Loading 1 faces(PF_B8G8R8,128x128x1) with 0 generated mipmaps from Image. Internal format is PF_X8R8G8B8,128x128x1.
14:13:11: Texture: house1_6.bsp@lightmap2: Loading 1 faces(PF_B8G8R8,128x128x1) with 0 generated mipmaps from Image. Internal format is PF_X8R8G8B8,128x128x1.
14:13:11: Mesh: Loading woman_towel_get.mesh.
14:13:11: Skeleton: Loading woman_towel_get.skeleton
14:13:11: Mesh: Loading woman_shuibei_get.mesh.
14:13:11: Skeleton: Loading woman_shuibei_get.skeleton
14:13:11: Mesh: Loading woman_xigua_get.mesh.
14:13:11: Skeleton: Loading woman_xigua_get.skeleton
14:13:11: Mesh: Loading woman_book_get.mesh.
14:13:11: Skeleton: Loading woman_book_get.skeleton
14:13:11: Mesh: Loading woman_towel_walk.mesh.
14:13:11: Skeleton: Loading woman_towel_walk.skeleton
14:13:11: Mesh: Loading woman_shuibei_walk.mesh.
14:13:11: Skeleton: Loading woman_shuibei_walk.skeleton
14:13:11: Mesh: Loading woman_xigua_walk.mesh.
14:13:11: Skeleton: Loading woman_xigua_walk.skeleton
14:13:11: Mesh: Loading woman_book_walk.mesh.
14:13:11: Skeleton: Loading woman_book_walk.skeleton
14:13:11: Texture: green.jpg: Loading 1 faces(PF_R8G8B8,50x50x1) with 5 generated mipmaps from Image. Internal format is PF_X8R8G8B8,50x50x1.
14:13:11: Texture: house1_6.bsp@lightmap0: Loading 1 faces(PF_B8G8R8,128x128x1) with 0 generated mipmaps from Image. Internal format is PF_X8R8G8B8,128x128x1.
14:13:11: Texture: house1_6.bsp@lightmap1: Loading 1 faces(PF_B8G8R8,128x128x1) with 0 generated mipmaps from Image. Internal format is PF_X8R8G8B8,128x128x1.
14:13:11: Texture: house1_6.bsp@lightmap2: Loading 1 faces(PF_B8G8R8,128x128x1) with 0 generated mipmaps from Image. Internal format is PF_X8R8G8B8,128x128x1.
14:13:11: Mesh: Loading man11.mesh.
14:13:11: Skeleton: Loading man11.skeleton
14:13:11: Mesh: Loading woman11.mesh.
14:13:11: Skeleton: Loading woman11.skeleton
14:13:11: Texture: flare.png: Loading 1 faces(PF_R8G8B8,256x256x1) with 5 generated mipmaps from Image. Internal format is PF_X8R8G8B8,256x256x1.
14:13:25: Texture: sdk_bands.png: Loading 1 faces(PF_A8R8G8B8,2x32x1) with 5 generated mipmaps from Image. Internal format is PF_A8R8G8B8,2x32x1.
14:13:45: Font SdkTrays/Chineseusing texture size 8192x8192
14:13:46: Info: Freetype returned null for character 127 in font SdkTrays/Chinese
14:13:46: Info: Freetype returned null for character 128 in font SdkTrays/Chinese
14:13:46: Info: Freetype returned null for character 129 in font SdkTrays/Chinese
14:13:46: Info: Freetype returned null for character 130 in font SdkTrays/Chinese
14:13:46: Info: Freetype returned null for character 131 in font SdkTrays/Chinese
14:13:46: Info: Freetype returned null for character 132 in font SdkTrays/Chinese
14:13:46: Info: Freetype returned null for character 133 in font SdkTrays/Chinese
14:13:46: Info: Freetype returned null for character 134 in font SdkTrays/Chinese
14:13:46: Info: Freetype returned null for character 135 in font SdkTrays/Chinese
14:13:46: Info: Freetype returned null for character 136 in font SdkTrays/Chinese
14:13:46: Info: Freetype returned null for character 137 in font SdkTrays/Chinese
14:13:46: Info: Freetype returned null for character 138 in font SdkTrays/Chinese
14:13:46: Info: Freetype returned null for character 139 in font SdkTrays/Chinese
14:13:46: Info: Freetype returned null for character 140 in font SdkTrays/Chinese
14:13:46: Info: Freetype returned null for character 141 in font SdkTrays/Chinese
14:13:46: Info: Freetype returned null for character 142 in font SdkTrays/Chinese
14:13:46: Info: Freetype returned null for character 143 in font SdkTrays/Chinese
14:13:46: Info: Freetype returned null for character 144 in font SdkTrays/Chinese
14:13:46: Info: Freetype returned null for character 145 in font SdkTrays/Chinese
14:13:46: Info: Freetype returned null for character 146 in font SdkTrays/Chinese
14:13:46: Info: Freetype returned null for character 147 in font SdkTrays/Chinese
14:13:46: Info: Freetype returned null for character 148 in font SdkTrays/Chinese
14:13:46: Info: Freetype returned null for character 149 in font SdkTrays/Chinese
14:13:46: Info: Freetype returned null for character 150 in font SdkTrays/Chinese
14:13:46: Info: Freetype returned null for character 151 in font SdkTrays/Chinese
14:13:46: Info: Freetype returned null for character 152 in font SdkTrays/Chinese
14:13:46: Info: Freetype returned null for character 153 in font SdkTrays/Chinese
14:13:46: Info: Freetype returned null for character 154 in font SdkTrays/Chinese
14:13:46: Info: Freetype returned null for character 155 in font SdkTrays/Chinese
14:13:46: Info: Freetype returned null for character 156 in font SdkTrays/Chinese
14:13:46: Info: Freetype returned null for character 157 in font SdkTrays/Chinese
14:13:46: Info: Freetype returned null for character 158 in font SdkTrays/Chinese
14:13:46: Info: Freetype returned null for character 159 in font SdkTrays/Chinese
14:13:46: Info: Freetype returned null for character 160 in font SdkTrays/Chinese
14:13:46: Info: Freetype returned null for character 161 in font SdkTrays/Chinese
14:13:46: Info: Freetype returned null for character 162 in font SdkTrays/Chinese
14:13:46: Info: Freetype returned null for character 163 in font SdkTrays/Chinese
14:13:46: Info: Freetype returned null for character 165 in font SdkTrays/Chinese
14:13:46: Info: Freetype returned null for character 166 in font SdkTrays/Chinese
14:13:46: Info: Freetype returned null for character 169 in font SdkTrays/Chinese
14:13:46: Info: Freetype returned null for character 170 in font SdkTrays/Chinese
14:13:46: Info: Freetype returned null for character 171 in font SdkTrays/Chinese
14:13:46: Info: Freetype returned null for character 172 in font SdkTrays/Chinese
14:13:46: Info: Freetype returned null for character 173 in font SdkTrays/Chinese
14:13:46: Info: Freetype returned null for character 174 in font SdkTrays/Chinese
14:13:46: Info: Freetype returned null for character 175 in font SdkTrays/Chinese
14:13:46: Info: Freetype returned null for character 178 in font SdkTrays/Chinese
14:13:46: Info: Freetype returned null for character 179 in font SdkTrays/Chinese
14:13:46: Info: Freetype returned null for character 180 in font SdkTrays/Chinese
14:13:46: Info: Freetype returned null for character 181 in font SdkTrays/Chinese
14:13:46: Info: Freetype returned null for character 182 in font SdkTrays/Chinese
14:13:46: Info: Freetype returned null for character 184 in font SdkTrays/Chinese
14:13:46: Info: Freetype returned null for character 185 in font SdkTrays/Chinese
14:13:46: Info: Freetype returned null for character 186 in font SdkTrays/Chinese
14:13:46: Info: Freetype returned null for character 187 in font SdkTrays/Chinese
14:13:46: Info: Freetype returned null for character 188 in font SdkTrays/Chinese
14:13:46: Info: Freetype returned null for character 189 in font SdkTrays/Chinese
14:13:46: Info: Freetype returned null for character 190 in font SdkTrays/Chinese
14:13:46: Info: Freetype returned null for character 191 in font SdkTrays/Chinese
14:13:46: Info: Freetype returned null for character 192 in font SdkTrays/Chinese
14:13:46: Info: Freetype returned null for character 193 in font SdkTrays/Chinese
14:13:46: Info: Freetype returned null for character 194 in font SdkTrays/Chinese
14:13:46: Info: Freetype returned null for character 195 in font SdkTrays/Chinese
14:13:46: Info: Freetype returned null for character 196 in font SdkTrays/Chinese
14:13:46: Info: Freetype returned null for character 197 in font SdkTrays/Chinese
14:13:46: Info: Freetype returned null for character 198 in font SdkTrays/Chinese
14:13:46: Info: Freetype returned null for character 199 in font SdkTrays/Chinese
14:13:46: Info: Freetype returned null for character 200 in font SdkTrays/Chinese
14:13:46: Info: Freetype returned null for character 201 in font SdkTrays/Chinese
14:13:46: Info: Freetype returned null for character 202 in font SdkTrays/Chinese
14:13:46: Info: Freetype returned null for character 203 in font SdkTrays/Chinese
14:13:46: Info: Freetype returned null for character 204 in font SdkTrays/Chinese
14:13:46: Info: Freetype returned null for character 205 in font SdkTrays/Chinese
14:13:46: Info: Freetype returned null for character 206 in font SdkTrays/Chinese
14:13:46: Info: Freetype returned null for character 207 in font SdkTrays/Chinese
14:13:46: Info: Freetype returned null for character 208 in font SdkTrays/Chinese
14:13:46: Info: Freetype returned null for character 209 in font SdkTrays/Chinese
14:13:46: Info: Freetype returned null for character 210 in font SdkTrays/Chinese
14:13:46: Info: Freetype returned null for character 211 in font SdkTrays/Chinese
14:13:46: Info: Freetype returned null for character 212 in font SdkTrays/Chinese
14:13:46: Info: Freetype returned null for character 213 in font SdkTrays/Chinese
14:13:46: Info: Freetype returned null for character 214 in font SdkTrays/Chinese
14:13:46: Info: Freetype returned null for character 216 in font SdkTrays/Chinese
14:13:46: Info: Freetype returned null for character 217 in font SdkTrays/Chinese
14:13:46: Info: Freetype returned null for character 218 in font SdkTrays/Chinese
14:13:46: Info: Freetype returned null for character 219 in font SdkTrays/Chinese
14:13:46: Info: Freetype returned null for character 220 in font SdkTrays/Chinese
14:13:46: Info: Freetype returned null for character 221 in font SdkTrays/Chinese
14:13:46: Info: Freetype returned null for character 222 in font SdkTrays/Chinese
14:13:46: Info: Freetype returned null for character 223 in font SdkTrays/Chinese
14:13:46: Info: Freetype returned null for character 226 in font SdkTrays/Chinese
14:13:46: Info: Freetype returned null for character 227 in font SdkTrays/Chinese
14:13:46: Info: Freetype returned null for character 228 in font SdkTrays/Chinese
14:13:46: Info: Freetype returned null for character 229 in font SdkTrays/Chinese
14:13:46: Info: Freetype returned null for character 230 in font SdkTrays/Chinese
14:13:46: Info: Freetype returned null for character 231 in font SdkTrays/Chinese
14:13:46: Info: Freetype returned null for character 235 in font SdkTrays/Chinese
14:13:46: Info: Freetype returned null for character 238 in font SdkTrays/Chinese
14:13:46: Info: Freetype returned null for character 239 in font SdkTrays/Chinese
14:13:46: Info: Freetype returned null for character 240 in font SdkTrays/Chinese
14:13:46: Info: Freetype returned null for character 241 in font SdkTrays/Chinese
14:13:46: Info: Freetype returned null for character 244 in font SdkTrays/Chinese
14:13:46: Info: Freetype returned null for character 245 in font SdkTrays/Chinese
14:13:46: Info: Freetype returned null for character 246 in font SdkTrays/Chinese
14:13:46: Info: Freetype returned null for character 248 in font SdkTrays/Chinese
14:13:46: Info: Freetype returned null for character 251 in font SdkTrays/Chinese
14:13:46: Info: Freetype returned null for character 253 in font SdkTrays/Chinese
14:13:46: Info: Freetype returned null for character 254 in font SdkTrays/Chinese
14:13:46: Info: Freetype returned null for character 255 in font SdkTrays/Chinese
14:13:46: Texture: SdkTrays/ChineseTexture: Loading 1 faces(PF_BYTE_LA,8192x8192x1) with 0 generated mipmaps from Image. Internal format is PF_BYTE_LA,8192x8192x1.
14:15:15: Texture: jiaodalogo2.png: Loading 1 faces(PF_R8G8B8,88x88x1) with 5 generated mipmaps from Image. Internal format is PF_X8R8G8B8,88x88x1.
14:15:19: Texture: bci_button_over.png: Loading 1 faces(PF_A8R8G8B8,128x32x1) with 5 generated mipmaps from Image. Internal format is PF_A8R8G8B8,128x32x1.
14:15:20: Texture: bci_button_down.png: Loading 1 faces(PF_A8R8G8B8,128x32x1) with 5 generated mipmaps from Image. Internal format is PF_A8R8G8B8,128x32x1.
14:15:20: DefaultWorkQueue('Root') shutting down on thread main.
14:15:20: PCZone Factory Type 'ZoneType_Octree' unregistered
14:15:20: PCZone Factory Type 'ZoneType_Terrain' unregistered
14:15:20: Unregistering ResourceManager for type BspLevel
14:15:20: *-*-* OGRE Shutdown
14:15:20: Unregistering ResourceManager for type Compositor
14:15:20: Unregistering ResourceManager for type Font
14:15:20: Unregistering ResourceManager for type Skeleton
14:15:20: Unregistering ResourceManager for type Mesh
14:15:20: Unregistering ResourceManager for type HighLevelGpuProgram
14:15:20: Uninstalling plugin: Octree & Terrain Scene Manager
14:15:20: Plugin successfully uninstalled
14:15:20: Unloading library .\Plugin_OctreeSceneManager
14:15:20: Uninstalling plugin: Octree Zone Factory
14:15:20: Plugin successfully uninstalled
14:15:20: Unloading library .\Plugin_OctreeZone
14:15:20: Uninstalling plugin: Portal Connected Zone Scene Manager
14:15:20: Plugin successfully uninstalled
14:15:20: Unloading library .\Plugin_PCZSceneManager
14:15:20: Uninstalling plugin: Cg Program Manager
14:15:20: Plugin successfully uninstalled
14:15:20: Unloading library .\Plugin_CgProgramManager
14:15:20: Uninstalling plugin: BSP Scene Manager
14:15:20: Plugin successfully uninstalled
14:15:20: Unloading library .\Plugin_BSPSceneManager
14:15:20: Uninstalling plugin: ParticleFX
14:15:20: Plugin successfully uninstalled
14:15:20: Unloading library .\Plugin_ParticleFX
14:15:20: Uninstalling plugin: GL RenderSystem
14:15:20: Unregistering ResourceManager for type GpuProgram
14:15:20: *** Stopping Win32GL Subsystem ***
14:15:20: Unregistering ResourceManager for type Texture
14:15:20: Plugin successfully uninstalled
14:15:20: Unloading library .\RenderSystem_GL
14:15:20: Uninstalling plugin: D3D9 RenderSystem
14:15:20: D3D9 : Shutting down cleanly.
14:15:20: D3D9 : Direct3D9 Rendering Subsystem destroyed.
14:15:20: Plugin successfully uninstalled
14:15:20: Unloading library .\RenderSystem_Direct3D9
14:15:20: Unregistering ResourceManager for type Material
