19:49:51: Creating resource group General
19:49:51: Creating resource group Internal
19:49:51: Creating resource group Autodetect
19:49:51: SceneManagerFactory for type 'DefaultSceneManager' registered.
19:49:51: Registering ResourceManager for type Material
19:49:51: Registering ResourceManager for type Mesh
19:49:51: Registering ResourceManager for type Skeleton
19:49:51: MovableObjectFactory for type 'ParticleSystem' registered.
19:49:51: OverlayElementFactory for type Panel registered.
19:49:51: OverlayElementFactory for type BorderPanel registered.
19:49:51: OverlayElementFactory for type TextArea registered.
19:49:51: Registering ResourceManager for type Font
19:49:51: ArchiveFactory for archive type FileSystem registered.
19:49:51: ArchiveFactory for archive type Zip registered.
19:49:51: DDS codec registering
19:49:51: FreeImage version: 3.13.1
19:49:51: This program uses FreeImage, a free, open source image library supporting all common bitmap formats. See http://freeimage.sourceforge.net for details
19:49:51: Supported formats: bmp,ico,jpg,jif,jpeg,jpe,jng,koa,iff,lbm,mng,pbm,pbm,pcd,pcx,pgm,pgm,png,ppm,ppm,ras,tga,targa,tif,tiff,wap,wbmp,wbm,psd,cut,xbm,xpm,gif,hdr,g3,sgi,exr,j2k,j2c,jp2,pfm,pct,pict,pic,bay,bmq,cr2,crw,cs1,dc2,dcr,dng,erf,fff,hdr,k25,kdc,mdc,mos,mrw,nef,orf,pef,pxn,raf,raw,rdc,sr2,srf,arw,3fr,cine,ia,kc2,mef,nrw,qtk,rw2,sti,drf,dsc,ptx,cap,iiq,rwz
19:49:51: Registering ResourceManager for type HighLevelGpuProgram
19:49:51: Registering ResourceManager for type Compositor
19:49:51: MovableObjectFactory for type 'Entity' registered.
19:49:51: MovableObjectFactory for type 'Light' registered.
19:49:51: MovableObjectFactory for type 'BillboardSet' registered.
19:49:51: MovableObjectFactory for type 'ManualObject' registered.
19:49:51: MovableObjectFactory for type 'BillboardChain' registered.
19:49:51: MovableObjectFactory for type 'RibbonTrail' registered.
19:49:51: Loading library .\RenderSystem_Direct3D9
19:49:52: Installing plugin: D3D9 RenderSystem
19:49:52: D3D9 : Direct3D9 Rendering Subsystem created.
19:49:52: D3D9: Driver Detection Starts
19:49:52: D3D9: Driver Detection Ends
19:49:52: Plugin successfully installed
19:49:52: Loading library .\RenderSystem_GL
19:49:54: Installing plugin: GL RenderSystem
19:49:54: OpenGL Rendering Subsystem created.
19:49:59: Plugin successfully installed
19:49:59: Loading library .\Plugin_ParticleFX
19:49:59: Installing plugin: ParticleFX
19:49:59: Particle Emitter Type 'Point' registered
19:49:59: Particle Emitter Type 'Box' registered
19:49:59: Particle Emitter Type 'Ellipsoid' registered
19:49:59: Particle Emitter Type 'Cylinder' registered
19:49:59: Particle Emitter Type 'Ring' registered
19:49:59: Particle Emitter Type 'HollowEllipsoid' registered
19:49:59: Particle Affector Type 'LinearForce' registered
19:49:59: Particle Affector Type 'ColourFader' registered
19:49:59: Particle Affector Type 'ColourFader2' registered
19:49:59: Particle Affector Type 'ColourImage' registered
19:49:59: Particle Affector Type 'ColourInterpolator' registered
19:49:59: Particle Affector Type 'Scaler' registered
19:49:59: Particle Affector Type 'Rotator' registered
19:49:59: Particle Affector Type 'DirectionRandomiser' registered
19:49:59: Particle Affector Type 'DeflectorPlane' registered
19:49:59: Plugin successfully installed
19:49:59: Loading library .\Plugin_BSPSceneManager
19:49:59: Installing plugin: BSP Scene Manager
19:49:59: Plugin successfully installed
19:49:59: Loading library .\Plugin_CgProgramManager
19:49:59: Installing plugin: Cg Program Manager
19:49:59: Plugin successfully installed
19:49:59: Loading library .\Plugin_PCZSceneManager
19:50:00: Installing plugin: Portal Connected Zone Scene Manager
19:50:00: PCZone Factory Type 'ZoneType_Default' registered
19:50:00: Plugin successfully installed
19:50:00: Loading library .\Plugin_OctreeZone
19:50:00: Installing plugin: Octree Zone Factory
19:50:00: Plugin successfully installed
19:50:00: Loading library .\Plugin_OctreeSceneManager
19:50:00: Installing plugin: Octree & Terrain Scene Manager
19:50:00: Plugin successfully installed
19:50:00: *-*-* OGRE Initialising
19:50:00: *-*-* Version 1.7.3 (Cthugha)
19:50:00: Creating resource group Essential
19:50:00: Added resource location '../../media/packs/SdkTrays' of type 'FileSystem' to resource group 'Essential'
19:50:00: Added resource location '../../media/thumbnails' of type 'FileSystem' to resource group 'Essential'
19:50:00: Added resource location './world' of type 'FileSystem' to resource group 'General'
19:50:00: Creating resource group Popular
19:50:00: Added resource location '../../media/fonts' of type 'FileSystem' to resource group 'Popular'
19:50:00: Added resource location '../../media/materials/programs' of type 'FileSystem' to resource group 'Popular'
19:50:00: Added resource location '../../media/materials/scripts' of type 'FileSystem' to resource group 'Popular'
19:50:00: Added resource location '../../media/materials/textures' of type 'FileSystem' to resource group 'Popular'
19:50:00: Added resource location '../../media/materials/textures/nvidia' of type 'FileSystem' to resource group 'Popular'
19:50:00: Added resource location '../../media/models' of type 'FileSystem' to resource group 'Popular'
19:50:00: Added resource location '../../media/particle' of type 'FileSystem' to resource group 'Popular'
19:50:00: Added resource location '../../media/DeferredShadingMedia' of type 'FileSystem' to resource group 'Popular'
19:50:00: Added resource location '../../media/PCZAppMedia' of type 'FileSystem' to resource group 'Popular'
19:50:00: Added resource location '../../media/RTShaderLib' of type 'FileSystem' to resource group 'Popular'
19:50:00: Added resource location '../../media/RTShaderLib/materials' of type 'FileSystem' to resource group 'Popular'
19:50:00: Added resource location '../../media/OgreCore' of type 'FileSystem' to resource group 'Popular'
19:50:00: Added resource location '../../media' of type 'FileSystem' to resource group 'Popular'
19:50:00: Added resource location '../mymedia/shumu' of type 'FileSystem' to resource group 'Popular'
19:50:00: Added resource location '../mymedia/car' of type 'FileSystem' to resource group 'Popular'
19:50:01: Added resource location '../mymedia' of type 'FileSystem' to resource group 'Popular'
19:50:01: Added resource location './textures/house' of type 'FileSystem' to resource group 'Popular'
19:50:01: Added resource location '../../media/packs/cubemap.zip' of type 'Zip' to resource group 'Popular'
19:50:01: Added resource location '../../media/packs/cubemapsJS.zip' of type 'Zip' to resource group 'Popular'
19:50:01: Added resource location '../../media/packs/dragon.zip' of type 'Zip' to resource group 'Popular'
19:50:01: Added resource location '../../media/packs/fresneldemo.zip' of type 'Zip' to resource group 'Popular'
19:50:01: Added resource location '../../media/packs/ogretestmap.zip' of type 'Zip' to resource group 'Popular'
19:50:01: Added resource location '../../media/packs/ogredance.zip' of type 'Zip' to resource group 'Popular'
19:50:01: Added resource location '../../media/packs/Sinbad.zip' of type 'Zip' to resource group 'Popular'
19:50:01: Added resource location '../../media/packs/skybox.zip' of type 'Zip' to resource group 'Popular'
19:50:01: D3D9 : RenderSystem Option: Allow NVPerfHUD = No
19:50:01: D3D9 : RenderSystem Option: FSAA = 0
19:50:01: D3D9 : RenderSystem Option: Floating-point mode = Fastest
19:50:01: D3D9 : RenderSystem Option: Full Screen = No
19:50:01: D3D9 : RenderSystem Option: Rendering Device = Monitor-1-Intel(R) HD Graphics Family
19:50:01: D3D9 : RenderSystem Option: Resource Creation Policy = Create on all devices
19:50:01: D3D9 : RenderSystem Option: VSync = No
19:50:01: D3D9 : RenderSystem Option: VSync Interval = 1
19:50:01: D3D9 : RenderSystem Option: Video Mode = 800 x 600 @ 32-bit colour
19:50:01: D3D9 : RenderSystem Option: sRGB Gamma Conversion = No
19:50:01: CPU Identifier & Features
19:50:01: -------------------------
19:50:01:  *   CPU ID: GenuineIntel: Intel(R) Core(TM) i7-2670QM CPU @ 2.20GHz
19:50:01:  *      SSE: yes
19:50:01:  *     SSE2: yes
19:50:01:  *     SSE3: yes
19:50:01:  *      MMX: yes
19:50:01:  *   MMXEXT: yes
19:50:01:  *    3DNOW: no
19:50:01:  * 3DNOWEXT: no
19:50:01:  *     CMOV: yes
19:50:01:  *      TSC: yes
19:50:01:  *      FPU: yes
19:50:01:  *      PRO: yes
19:50:01:  *       HT: no
19:50:01: -------------------------
19:50:01: *** Starting Win32GL Subsystem ***
19:50:01: GLRenderSystem::_createRenderWindow "GA Render Window", 1024x768 windowed  miscParams: FSAA=0 FSAAHint= colourDepth=32 displayFrequency=0 gamma=false vsync=false vsyncInterval=1 
19:50:01: Created Win32Window 'GA Render Window' : 1040x728, 32bpp
19:50:02: GL_VERSION = 4.1.11013 Compatibility Profile Context
19:50:02: GL_VENDOR = ATI Technologies Inc.
19:50:02: GL_RENDERER = Radeon (TM) HD 6770M
19:50:02: GL_EXTENSIONS = GL_AMDX_debug_output GL_AMDX_vertex_shader_tessellator GL_AMD_conservative_depth GL_AMD_debug_output GL_AMD_depth_clamp_separate GL_AMD_draw_buffers_blend GL_AMD_multi_draw_indirect GL_AMD_name_gen_delete GL_AMD_performance_monitor GL_AMD_pinned_memory GL_AMD_sample_positions GL_AMD_seamless_cubemap_per_texture GL_AMD_shader_stencil_export GL_AMD_shader_trace GL_AMD_texture_cube_map_array GL_AMD_texture_texture4 GL_AMD_transform_feedback3_lines_triangles GL_AMD_vertex_shader_tessellator GL_ARB_ES2_compatibility GL_ARB_blend_func_extended GL_ARB_color_buffer_float GL_ARB_copy_buffer GL_ARB_depth_buffer_float GL_ARB_depth_clamp GL_ARB_depth_texture GL_ARB_draw_buffers GL_ARB_draw_buffers_blend GL_ARB_draw_elements_base_vertex GL_ARB_draw_indirect GL_ARB_draw_instanced GL_ARB_explicit_attrib_location GL_ARB_fragment_coord_conventions GL_ARB_fragment_program GL_ARB_fragment_program_shadow GL_ARB_fragment_shader GL_ARB_framebuffer_object GL_ARB_framebuffer_sRGB GL_ARB_geometry_shader4 GL_ARB_get_program_binary GL_ARB_gpu_shader5 GL_ARB_gpu_shader_fp64 GL_ARB_half_float_pixel GL_ARB_half_float_vertex GL_ARB_imaging GL_ARB_instanced_arrays GL_ARB_map_buffer_range GL_ARB_multisample GL_ARB_multitexture GL_ARB_occlusion_query GL_ARB_occlusion_query2 GL_ARB_pixel_buffer_object GL_ARB_point_parameters GL_ARB_point_sprite GL_ARB_provoking_vertex GL_ARB_sample_shading GL_ARB_sampler_objects GL_ARB_seamless_cube_map GL_ARB_separate_shader_objects GL_ARB_shader_bit_encoding GL_ARB_shader_objects GL_ARB_shader_precision GL_ARB_shader_stencil_export GL_ARB_shader_subroutine GL_ARB_shader_texture_lod GL_ARB_shading_language_100 GL_ARB_shadow GL_ARB_shadow_ambient GL_ARB_sync GL_ARB_tessellation_shader GL_ARB_texture_border_clamp GL_ARB_texture_buffer_object GL_ARB_texture_buffer_object_rgb32 GL_ARB_texture_compression GL_ARB_texture_compression_bptc GL_ARB_texture_compression_rgtc GL_ARB_texture_cube_map GL_ARB_texture_cube_map_array GL_ARB_texture_env_add GL_ARB_texture_env_combine GL_ARB_texture_env_crossbar GL_ARB_texture_env_dot3 GL_ARB_texture_float GL_ARB_texture_gather GL_ARB_texture_mirrored_repeat GL_ARB_texture_multisample GL_ARB_texture_non_power_of_two GL_ARB_texture_query_lod GL_ARB_texture_rectangle GL_ARB_texture_rg GL_ARB_texture_rgb10_a2ui GL_ARB_texture_snorm GL_ARB_timer_query GL_ARB_transform_feedback2 GL_ARB_transform_feedback3 GL_ARB_transpose_matrix GL_ARB_uniform_buffer_object GL_ARB_vertex_array_bgra GL_ARB_vertex_array_object GL_ARB_vertex_attrib_64bit GL_ARB_vertex_buffer_object GL_ARB_vertex_program GL_ARB_vertex_shader GL_ARB_vertex_type_2_10_10_10_rev GL_ARB_viewport_array GL_ARB_window_pos GL_ATI_draw_buffers GL_ATI_envmap_bumpmap GL_ATI_fragment_shader GL_ATI_meminfo GL_ATI_separate_stencil GL_ATI_texture_compression_3dc GL_ATI_texture_env_combine3 GL_ATI_texture_float GL_ATI_texture_mirror_once GL_EXT_abgr GL_EXT_bgra GL_EXT_bindable_uniform GL_EXT_blend_color GL_EXT_blend_equation_separate GL_EXT_blend_func_separate GL_EXT_blend_minmax GL_EXT_blend_subtract GL_EXT_compiled_vertex_array GL_EXT_copy_buffer GL_EXT_copy_texture GL_EXT_direct_state_access GL_EXT_draw_buffers2 GL_EXT_draw_instanced GL_EXT_draw_range_elements GL_EXT_fog_coord GL_EXT_framebuffer_blit GL_EXT_framebuffer_multisample GL_EXT_framebuffer_object GL_EXT_framebuffer_sRGB GL_EXT_geometry_shader4 GL_EXT_gpu_program_parameters GL_EXT_gpu_shader4 GL_EXT_histogram GL_EXT_multi_draw_arrays GL_EXT_packed_depth_stencil GL_EXT_packed_float GL_EXT_packed_pixels GL_EXT_pixel_buffer_object GL_EXT_point_parameters GL_EXT_provoking_vertex GL_EXT_rescale_normal GL_EXT_secondary_color GL_EXT_separate_specular_color GL_EXT_shader_image_load_store GL_EXT_shadow_funcs GL_EXT_stencil_wrap GL_EXT_subtexture GL_EXT_texgen_reflection GL_EXT_texture3D GL_EXT_texture_array GL_EXT_texture_buffer_object GL_EXT_texture_compression_bptc GL_EXT_texture_compression_latc GL_EXT_texture_compression_rgtc GL_EXT_texture_compression_s3tc GL_EXT_texture_cube_map GL_EXT_texture_edge_clamp GL_EXT_texture_env_add GL_EXT_texture_env_combine GL_EXT_texture_env_dot3 GL_EXT_texture_filter_anisotropic GL_EXT_texture_integer GL_EXT_texture_lod GL_EXT_texture_lod_bias GL_EXT_texture_mirror_clamp GL_EXT_texture_object GL_EXT_texture_rectangle GL_EXT_texture_sRGB GL_EXT_texture_shared_exponent GL_EXT_texture_snorm GL_EXT_texture_swizzle GL_EXT_timer_query GL_EXT_transform_feedback GL_EXT_vertex_array GL_EXT_vertex_array_bgra GL_EXT_vertex_attrib_64bit GL_IBM_texture_mirrored_repeat GL_KTX_buffer_region GL_NV_blend_square GL_NV_conditional_render GL_NV_copy_depth_to_color GL_NV_explicit_multisample GL_NV_float_buffer GL_NV_half_float GL_NV_primitive_restart GL_NV_texgen_reflection GL_NV_texture_barrier GL_SGIS_generate_mipmap GL_SGIS_texture_edge_clamp GL_SGIS_texture_lod GL_SUN_multi_draw_arrays GL_WIN_swap_hint WGL_EXT_swap_control
19:50:02: Supported WGL extensions: WGL_ARB_extensions_string WGL_ARB_pixel_format WGL_ATI_pixel_format_float WGL_ARB_pixel_format_float WGL_ARB_multisample WGL_EXT_swap_control WGL_ARB_pbuffer WGL_ARB_render_texture WGL_ARB_make_current_read WGL_EXT_extensions_string WGL_ARB_buffer_region WGL_EXT_framebuffer_sRGB WGL_ATI_render_texture_rectangle WGL_EXT_pixel_format_packed_float WGL_I3D_genlock WGL_NV_swap_group WGL_ARB_create_context WGL_AMD_gpu_association WGL_AMDX_gpu_association WGL_ARB_create_context_profile WGL_NV_float_buffer
19:50:02: ***************************
19:50:02: *** GL Renderer Started ***
19:50:02: ***************************
19:50:02: Registering ResourceManager for type GpuProgram
19:50:02: GLSL support detected
19:50:02: GL: Using GL_EXT_framebuffer_object for rendering to textures (best)
19:50:02: FBO PF_UNKNOWN depth/stencil support: D0S1 D0S4 D0S8 D0S16 D16S0 D24S0 D32S0 Packed-D24S8 
19:50:02: FBO PF_L8 depth/stencil support: D0S0 D0S1 D0S4 D0S8 D0S16 D16S0 D24S0 D32S0 Packed-D24S8 
19:50:02: FBO PF_L16 depth/stencil support: D0S0 D0S1 D0S4 D0S8 D0S16 D16S0 D24S0 D32S0 Packed-D24S8 
19:50:02: FBO PF_A8 depth/stencil support: D0S0 D0S1 D0S4 D0S8 D0S16 D16S0 D24S0 D32S0 Packed-D24S8 
19:50:02: FBO PF_A4L4 depth/stencil support: D0S0 D0S1 D0S4 D0S8 D0S16 D16S0 D24S0 D32S0 Packed-D24S8 
19:50:02: FBO PF_BYTE_LA depth/stencil support: D0S0 D0S1 D0S4 D0S8 D0S16 D16S0 D24S0 D32S0 Packed-D24S8 
19:50:02: FBO PF_R5G6B5 depth/stencil support: D0S0 D0S1 D0S4 D0S8 D0S16 D16S0 D24S0 D32S0 Packed-D24S8 
19:50:02: FBO PF_B5G6R5 depth/stencil support: D0S0 D0S1 D0S4 D0S8 D0S16 D16S0 D24S0 D32S0 Packed-D24S8 
19:50:02: FBO PF_A4R4G4B4 depth/stencil support: D0S0 D0S1 D0S4 D0S8 D0S16 D16S0 D24S0 D32S0 Packed-D24S8 
19:50:02: FBO PF_A1R5G5B5 depth/stencil support: D0S0 D0S1 D0S4 D0S8 D0S16 D16S0 D24S0 D32S0 Packed-D24S8 
19:50:02: FBO PF_R8G8B8 depth/stencil support: D0S0 D0S1 D0S4 D0S8 D0S16 D16S0 D24S0 D32S0 Packed-D24S8 
19:50:02: FBO PF_B8G8R8 depth/stencil support: D0S0 D0S1 D0S4 D0S8 D0S16 D16S0 D24S0 D32S0 Packed-D24S8 
19:50:02: FBO PF_A8R8G8B8 depth/stencil support: D0S0 D0S1 D0S4 D0S8 D0S16 D16S0 D24S0 D32S0 Packed-D24S8 
19:50:02: FBO PF_B8G8R8A8 depth/stencil support: D0S0 D0S1 D0S4 D0S8 D0S16 D16S0 D24S0 D32S0 Packed-D24S8 
19:50:02: FBO PF_A2R10G10B10 depth/stencil support: D0S0 D0S1 D0S4 D0S8 D0S16 D16S0 D24S0 D32S0 Packed-D24S8 
19:50:02: FBO PF_A2B10G10R10 depth/stencil support: D0S0 D0S1 D0S4 D0S8 D0S16 D16S0 D24S0 D32S0 Packed-D24S8 
19:50:02: FBO PF_FLOAT16_RGB depth/stencil support: D0S0 D0S1 D0S4 D0S8 D0S16 D16S0 D24S0 D32S0 Packed-D24S8 
19:50:02: FBO PF_FLOAT16_RGBA depth/stencil support: D0S0 D0S1 D0S4 D0S8 D0S16 D16S0 D24S0 D32S0 Packed-D24S8 
19:50:02: FBO PF_FLOAT32_RGB depth/stencil support: D0S0 D0S1 D0S4 D0S8 D0S16 D16S0 D24S0 D32S0 Packed-D24S8 
19:50:02: FBO PF_FLOAT32_RGBA depth/stencil support: D0S0 D0S1 D0S4 D0S8 D0S16 D16S0 D24S0 D32S0 Packed-D24S8 
19:50:02: FBO PF_X8R8G8B8 depth/stencil support: D0S0 D0S1 D0S4 D0S8 D0S16 D16S0 D24S0 D32S0 Packed-D24S8 
19:50:02: FBO PF_X8B8G8R8 depth/stencil support: D0S0 D0S1 D0S4 D0S8 D0S16 D16S0 D24S0 D32S0 Packed-D24S8 
19:50:02: FBO PF_SHORT_RGBA depth/stencil support: D0S0 D0S1 D0S4 D0S8 D0S16 D16S0 D24S0 D32S0 Packed-D24S8 
19:50:02: FBO PF_R3G3B2 depth/stencil support: D0S0 D0S1 D0S4 D0S8 D0S16 D16S0 D24S0 D32S0 Packed-D24S8 
19:50:02: FBO PF_FLOAT16_R depth/stencil support: D0S0 D0S1 D0S4 D0S8 D0S16 D16S0 D24S0 D32S0 Packed-D24S8 
19:50:02: FBO PF_FLOAT32_R depth/stencil support: D0S0 D0S1 D0S4 D0S8 D0S16 D16S0 D24S0 D32S0 Packed-D24S8 
19:50:02: FBO PF_SHORT_GR depth/stencil support: D0S0 D0S1 D0S4 D0S8 D0S16 D16S0 D24S0 D32S0 Packed-D24S8 
19:50:02: FBO PF_FLOAT16_GR depth/stencil support: D0S0 D0S1 D0S4 D0S8 D0S16 D16S0 D24S0 D32S0 Packed-D24S8 
19:50:02: FBO PF_FLOAT32_GR depth/stencil support: D0S0 D0S1 D0S4 D0S8 D0S16 D16S0 D24S0 D32S0 Packed-D24S8 
19:50:02: FBO PF_SHORT_RGB depth/stencil support: D0S0 D0S1 D0S4 D0S8 D0S16 D16S0 D24S0 D32S0 Packed-D24S8 
19:50:02: [GL] : Valid FBO targets PF_UNKNOWN PF_L8 PF_L16 PF_A8 PF_A4L4 PF_BYTE_LA PF_R5G6B5 PF_B5G6R5 PF_A4R4G4B4 PF_A1R5G5B5 PF_R8G8B8 PF_B8G8R8 PF_A8R8G8B8 PF_B8G8R8A8 PF_A2R10G10B10 PF_A2B10G10R10 PF_FLOAT16_RGB PF_FLOAT16_RGBA PF_FLOAT32_RGB PF_FLOAT32_RGBA PF_X8R8G8B8 PF_X8B8G8R8 PF_SHORT_RGBA PF_R3G3B2 PF_FLOAT16_R PF_FLOAT32_R PF_SHORT_GR PF_FLOAT16_GR PF_FLOAT32_GR PF_SHORT_RGB 
19:50:02: RenderSystem capabilities
19:50:02: -------------------------
19:50:02: RenderSystem Name: OpenGL Rendering Subsystem
19:50:02: GPU Vendor: ati
19:50:02: Device Name: Radeon (TM) HD 6770M
19:50:02: Driver Version: 4.1.11013.0
19:50:02:  * Fixed function pipeline: yes
19:50:02:  * Hardware generation of mipmaps: yes
19:50:02:  * Texture blending: yes
19:50:02:  * Anisotropic texture filtering: yes
19:50:02:  * Dot product texture operation: yes
19:50:02:  * Cube mapping: yes
19:50:02:  * Hardware stencil buffer: yes
19:50:02:    - Stencil depth: 8
19:50:02:    - Two sided stencil support: yes
19:50:02:    - Wrap stencil values: yes
19:50:02:  * Hardware vertex / index buffers: yes
19:50:02:  * Vertex programs: yes
19:50:02:  * Number of floating-point constants for vertex programs: 256
19:50:02:  * Number of integer constants for vertex programs: 0
19:50:02:  * Number of boolean constants for vertex programs: 0
19:50:02:  * Fragment programs: yes
19:50:02:  * Number of floating-point constants for fragment programs: 256
19:50:02:  * Number of integer constants for fragment programs: 0
19:50:02:  * Number of boolean constants for fragment programs: 0
19:50:02:  * Geometry programs: yes
19:50:02:  * Number of floating-point constants for geometry programs: 256
19:50:02:  * Number of integer constants for geometry programs: 0
19:50:02:  * Number of boolean constants for geometry programs: 0
19:50:02:  * Supported Shader Profiles: arbfp1 arbvp1 glsl gp4gp gpu_gp nvgp4 ps_1_1 ps_1_2 ps_1_3 ps_1_4
19:50:02:  * Texture Compression: yes
19:50:02:    - DXT: yes
19:50:02:    - VTC: no
19:50:02:    - PVRTC: no
19:50:02:  * Scissor Rectangle: yes
19:50:02:  * Hardware Occlusion Query: yes
19:50:02:  * User clip planes: yes
19:50:02:  * VET_UBYTE4 vertex element type: yes
19:50:02:  * Infinite far plane projection: yes
19:50:02:  * Hardware render-to-texture: yes
19:50:02:  * Floating point textures: yes
19:50:02:  * Non-power-of-two textures: yes
19:50:02:  * Volume textures: yes
19:50:02:  * Multiple Render Targets: 8
19:50:02:    - With different bit depths: yes
19:50:02:  * Point Sprites: yes
19:50:02:  * Extended point parameters: yes
19:50:02:  * Max Point Size: 8192
19:50:02:  * Vertex texture fetch: yes
19:50:02:  * Number of world matrices: 0
19:50:02:  * Number of texture units: 16
19:50:02:  * Stencil buffer depth: 8
19:50:02:  * Number of vertex blend matrices: 0
19:50:02:    - Max vertex textures: 16
19:50:02:    - Vertex textures shared: yes
19:50:02:  * Render to Vertex Buffer : no
19:50:02:  * GL 1.5 without VBO workaround: no
19:50:02:  * Frame Buffer objects: yes
19:50:02:  * Frame Buffer objects (ARB extension): no
19:50:02:  * Frame Buffer objects (ATI extension): no
19:50:02:  * PBuffer support: yes
19:50:02:  * GL 1.5 without HW-occlusion workaround: no
19:50:02: Registering ResourceManager for type Texture
19:50:02: DefaultWorkQueue('Root') initialising on thread main.
19:50:02: Particle Renderer Type 'billboard' registered
19:50:02: SceneManagerFactory for type 'BspSceneManager' registered.
19:50:02: Registering ResourceManager for type BspLevel
19:50:02: SceneManagerFactory for type 'PCZSceneManager' registered.
19:50:02: MovableObjectFactory for type 'PCZLight' registered.
19:50:02: MovableObjectFactory for type 'Portal' registered.
19:50:02: MovableObjectFactory for type 'AntiPortal' registered.
19:50:02: PCZone Factory Type 'ZoneType_Octree' registered
19:50:02: PCZone Factory Type 'ZoneType_Terrain' registered
19:50:02: SceneManagerFactory for type 'OctreeSceneManager' registered.
19:50:02: SceneManagerFactory for type 'TerrainSceneManager' registered.
19:50:02: Initialising resource group Essential
19:50:02: Parsing scripts for resource group Essential
19:50:02: Parsing script BCITrays.material
19:50:02: Compiler error: unknown error in BCITrays.material(215): base object named "SdkTrays/Base" not found in script definition
19:50:02: Compiler error: unknown error in BCITrays.material(229): base object named "SdkTrays/Base" not found in script definition
19:50:02: Compiler error: unknown error in BCITrays.material(243): base object named "SdkTrays/Base" not found in script definition
19:50:02: Compiler error: unknown error in BCITrays.material(257): base object named "SdkTrays/Base" not found in script definition
19:50:02: Compiler error: unknown error in BCITrays.material(271): base object named "SdkTrays/Base" not found in script definition
19:50:02: Parsing script GATrays.material
19:50:02: Parsing script SdkTrays.material
19:50:02: Parsing script SdkTrays.fontdef
19:50:02: Parsing script GATrays.overlay
19:50:02: Texture: bci_frame.png: Loading 1 faces(PF_A8R8G8B8,32x32x1) with 5 hardware generated mipmaps from Image. Internal format is PF_A8R8G8B8,32x32x1.
19:50:02: Texture: bci_mini_tray.png: Loading 1 faces(PF_A8R8G8B8,32x32x1) with 5 hardware generated mipmaps from Image. Internal format is PF_A8R8G8B8,32x32x1.
19:50:02: Texture: ga_frame.png: Loading 1 faces(PF_A8R8G8B8,32x32x1) with 5 hardware generated mipmaps from Image. Internal format is PF_A8R8G8B8,32x32x1.
19:50:02: Texture: sdk_mini_tray.png: Loading 1 faces(PF_A8R8G8B8,32x32x1) with 5 hardware generated mipmaps from Image. Internal format is PF_A8R8G8B8,32x32x1.
19:50:02: Texture: sdk_frame.png: Loading 1 faces(PF_A8R8G8B8,32x32x1) with 5 hardware generated mipmaps from Image. Internal format is PF_A8R8G8B8,32x32x1.
19:50:02: Texture: empty.png: Loading 1 faces(PF_A8R8G8B8,40x40x1) with 5 hardware generated mipmaps from Image. Internal format is PF_A8R8G8B8,40x40x1.
19:50:02: Texture: bci_mini_text_box.png: Loading 1 faces(PF_A8R8G8B8,32x32x1) with 5 hardware generated mipmaps from Image. Internal format is PF_A8R8G8B8,32x32x1.
19:50:02: Texture: sdk_mini_text_box_over.png: Loading 1 faces(PF_A8R8G8B8,32x32x1) with 5 hardware generated mipmaps from Image. Internal format is PF_A8R8G8B8,32x32x1.
19:50:02: Texture: sdk_pulse.png: Loading 1 faces(PF_R8G8B8,8x1x1) with 3 hardware generated mipmaps from Image. Internal format is PF_X8R8G8B8,8x1x1.
19:50:02: Parsing script SdkTrays.overlay
19:50:02: Bad element attribute line: '# you can offset the image to change the cursor "hotspot"' for element SdkTrays/Cursor in overlay 
19:50:02: Texture: sdk_cursor.png: Loading 1 faces(PF_A8R8G8B8,32x32x1) with 5 hardware generated mipmaps from Image. Internal format is PF_A8R8G8B8,32x32x1.
19:50:02: Texture: sdk_tray.png: Loading 1 faces(PF_A8R8G8B8,64x64x1) with 6 hardware generated mipmaps from Image. Internal format is PF_A8R8G8B8,64x64x1.
19:50:02: Texture: bci_button_up.png: Loading 1 faces(PF_A8R8G8B8,128x32x1) with 7 hardware generated mipmaps from Image. Internal format is PF_A8R8G8B8,128x32x1.
19:50:02: Texture: sdk_text_box.png: Loading 1 faces(PF_A8R8G8B8,32x32x1) with 5 hardware generated mipmaps from Image. Internal format is PF_A8R8G8B8,32x32x1.
19:50:02: Texture: sdk_track.png: Loading 1 faces(PF_A8R8G8B8,16x32x1) with 5 hardware generated mipmaps from Image. Internal format is PF_A8R8G8B8,16x32x1.
19:50:02: Texture: sdk_handle.png: Loading 1 faces(PF_A8R8G8B8,16x16x1) with 4 hardware generated mipmaps from Image. Internal format is PF_A8R8G8B8,16x16x1.
19:50:02: Texture: sdk_mini_text_box.png: Loading 1 faces(PF_A8R8G8B8,32x32x1) with 5 hardware generated mipmaps from Image. Internal format is PF_A8R8G8B8,32x32x1.
19:50:02: Texture: sdk_label.png: Loading 1 faces(PF_A8R8G8B8,32x32x1) with 5 hardware generated mipmaps from Image. Internal format is PF_A8R8G8B8,32x32x1.
19:50:02: Texture: sdk_separator.png: Loading 1 faces(PF_A8R8G8B8,64x16x1) with 6 hardware generated mipmaps from Image. Internal format is PF_A8R8G8B8,64x16x1.
19:50:02: Texture: GrandiaEngine.png: Loading 1 faces(PF_A8R8G8B8,128x64x1) with 7 hardware generated mipmaps from Image. Internal format is PF_A8R8G8B8,128x64x1.
19:50:02: Texture: sdk_shade.png: Loading 1 faces(PF_A8R8G8B8,64x48x1) with 6 hardware generated mipmaps from Image. Internal format is PF_A8R8G8B8,64x48x1.
19:50:02: Finished parsing scripts for resource group Essential
19:50:02: Texture: ga.png: Loading 1 faces(PF_R8G8B8,1024x768x1) with 10 hardware generated mipmaps from Image. Internal format is PF_X8R8G8B8,1024x768x1.
19:50:02: Parsing scripts for resource group Autodetect
19:50:02: Font SdkTrays/Captionusing texture size 512x256
19:50:02: Info: Freetype returned null for character 160 in font SdkTrays/Caption
19:50:02: Texture: SdkTrays/CaptionTexture: Loading 1 faces(PF_BYTE_LA,512x256x1) with  hardware generated mipmaps from Image. Internal format is PF_BYTE_LA,512x256x1.
19:50:02: Font SdkTrays/Valueusing texture size 512x512
19:50:02: Info: Freetype returned null for character 127 in font SdkTrays/Value
19:50:02: Info: Freetype returned null for character 128 in font SdkTrays/Value
19:50:02: Info: Freetype returned null for character 129 in font SdkTrays/Value
19:50:02: Info: Freetype returned null for character 130 in font SdkTrays/Value
19:50:02: Info: Freetype returned null for character 131 in font SdkTrays/Value
19:50:02: Info: Freetype returned null for character 132 in font SdkTrays/Value
19:50:02: Info: Freetype returned null for character 133 in font SdkTrays/Value
19:50:02: Info: Freetype returned null for character 134 in font SdkTrays/Value
19:50:02: Info: Freetype returned null for character 135 in font SdkTrays/Value
19:50:02: Info: Freetype returned null for character 136 in font SdkTrays/Value
19:50:02: Info: Freetype returned null for character 137 in font SdkTrays/Value
19:50:02: Info: Freetype returned null for character 138 in font SdkTrays/Value
19:50:02: Info: Freetype returned null for character 139 in font SdkTrays/Value
19:50:02: Info: Freetype returned null for character 140 in font SdkTrays/Value
19:50:02: Info: Freetype returned null for character 141 in font SdkTrays/Value
19:50:02: Info: Freetype returned null for character 142 in font SdkTrays/Value
19:50:02: Info: Freetype returned null for character 143 in font SdkTrays/Value
19:50:02: Info: Freetype returned null for character 144 in font SdkTrays/Value
19:50:02: Info: Freetype returned null for character 145 in font SdkTrays/Value
19:50:02: Info: Freetype returned null for character 146 in font SdkTrays/Value
19:50:02: Info: Freetype returned null for character 147 in font SdkTrays/Value
19:50:02: Info: Freetype returned null for character 148 in font SdkTrays/Value
19:50:02: Info: Freetype returned null for character 149 in font SdkTrays/Value
19:50:02: Info: Freetype returned null for character 150 in font SdkTrays/Value
19:50:02: Info: Freetype returned null for character 151 in font SdkTrays/Value
19:50:02: Info: Freetype returned null for character 152 in font SdkTrays/Value
19:50:02: Info: Freetype returned null for character 153 in font SdkTrays/Value
19:50:02: Info: Freetype returned null for character 154 in font SdkTrays/Value
19:50:02: Info: Freetype returned null for character 155 in font SdkTrays/Value
19:50:02: Info: Freetype returned null for character 156 in font SdkTrays/Value
19:50:02: Info: Freetype returned null for character 157 in font SdkTrays/Value
19:50:02: Info: Freetype returned null for character 158 in font SdkTrays/Value
19:50:02: Info: Freetype returned null for character 159 in font SdkTrays/Value
19:50:02: Info: Freetype returned null for character 160 in font SdkTrays/Value
19:50:02: Texture: SdkTrays/ValueTexture: Loading 1 faces(PF_BYTE_LA,512x512x1) with  hardware generated mipmaps from Image. Internal format is PF_BYTE_LA,512x512x1.
19:50:02: Finished parsing scripts for resource group Autodetect
19:50:02: Parsing scripts for resource group General
19:50:02: Finished parsing scripts for resource group General
19:50:02: Parsing scripts for resource group Internal
19:50:02: Finished parsing scripts for resource group Internal
19:50:02: Parsing scripts for resource group Popular
19:50:02: Parsing script Examples.program
19:50:02: GLSL compiled : Ogre/BasicVertexPrograms/AmbientOneTextureGLSLVertex shader was successfully compiled to run on hardware.

19:50:02: GLSL compiled : Ogre/HardwareSkinningTwoWeightsGLSLVertex shader was successfully compiled to run on hardware.

19:50:02: OGRE EXCEPTION(2:InvalidParametersException): Parameter called ambient does not exist.  in GpuProgramParameters::_findNamedConstantDefinition at E:\ogre\ogre_src_v1-7-3\OgreMain\src\OgreGpuProgramParams.cpp (line 1435)
19:50:02: Compiler error: invalid parameters in Examples.program(130): setting of constant failed
19:50:03: Parsing script StdQuad_vp.program
19:50:03: Parsing script deferred_post.program
19:50:03: Parsing script ShadowCaster.program
19:50:03: Parsing script ASCII.material
19:50:03: Parsing script ASMSwizzle.material
19:50:03: Parsing script BlackAndWhite.material
19:50:03: Parsing script Bloom.material
19:50:03: GLSL compiled : Blur_ps_glslFragment shader was successfully compiled to run on hardware.

19:50:03: GLSL compiled : Blur0_vs_glslVertex shader was successfully compiled to run on hardware.

19:50:03: GLSL compiled : Blur1_vs_glslVertex shader was successfully compiled to run on hardware.

19:50:03: Parsing script Bloom2.material
19:50:03: GLSL compiled : Bloom2_ps20_glslFragment shader was successfully compiled to run on hardware.

19:50:03: Parsing script CGSwizzle.material
19:50:03: Parsing script CompositorDemo.material
19:50:03: Parsing script DepthShadowmap.material
19:50:03: GLSL compiled : Ogre/DepthShadowmap/CasterVP_GLSLVertex shader was successfully compiled to run on hardware.

19:50:03: GLSL compiled : Ogre/DepthShadowmap/CasterFP_GLSLFragment shader was successfully compiled to run on hardware.

19:50:03: GLSL compiled : Ogre/DepthShadowmap/ReceiverVP_GLSLVertex shader was successfully compiled to run on hardware.

19:50:03: GLSL compiled : Ogre/DepthShadowmap/ReceiverFP_GLSLFragment shader was successfully compiled to run on hardware.

19:50:03: GLSL compiled : Ogre/DepthShadowmap/ReceiverFPPCF_GLSLFragment shader was successfully compiled to run on hardware.

19:50:03: GLSL compiled : Ogre/DepthShadowmap/NormalMapReceiverVP_GLSLVertex shader was successfully compiled to run on hardware.

19:50:03: GLSL compiled : Ogre/DepthShadowmap/NormalMapReceiverFP_GLSLFragment shader was successfully compiled to run on hardware.

19:50:03: GLSL compiled : Ogre/DepthShadowmap/NormalMapReceiverFPPCF_GLSLFragment shader was successfully compiled to run on hardware.

19:50:03: Parsing script Dither.material
19:50:03: Parsing script DOF.material
19:50:03: Parsing script Embossed.material
19:50:03: Parsing script Example-Water.material
19:50:03: Parsing script Examples-Advanced.material
19:50:04: Parsing script Examples-DynTex.material
19:50:04: Parsing script Examples-Water.material
19:50:04: Parsing script Examples.material
19:50:04: OGRE EXCEPTION(2:InvalidParametersException): Parameter called camObjPos does not exist.  in GpuProgramParameters::_findNamedConstantDefinition at E:\ogre\ogre_src_v1-7-3\OgreMain\src\OgreGpuProgramParams.cpp (line 1435)
19:50:04: Compiler error: invalid parameters in Examples.material(837): setting of constant failed
19:50:04: GLSL compiled : Ogre/HardwareSkinningTwoWeightsShadowCasterGLSLVertex shader was successfully compiled to run on hardware.

19:50:04: Parsing script facial.material
19:50:04: Parsing script GASBasic.material
19:50:04: Parsing script Glass.material
19:50:04: Parsing script GLSLSwizzle.material
19:50:04: GLSL compiled : Ogre/GPTest/Swizzle_GP_GLSLGeometry shader was successfully compiled to run on hardware.

19:50:04: GLSL compiled : Ogre/GPTest/Passthrough_VP_GLSLVertex shader was successfully compiled to run on hardware.

19:50:04: Parsing script Halftone.material
19:50:04: Parsing script hdr.material
19:50:04: GLSL compiled : Ogre/Compositor/HDR/downscale2x2LuminenceGLSL_fpFragment shader was successfully compiled to run on hardware.

19:50:04: GLSL compiled : Ogre/Compositor/StdQuad_GLSL_vpVertex shader was successfully compiled to run on hardware.

19:50:04: GLSL compiled : Ogre/Compositor/HDR/downscale3x3GLSL_fpFragment shader was successfully compiled to run on hardware.

19:50:04: GLSL compiled : Ogre/Compositor/HDR/utils_fpFragment shader was successfully compiled to run on hardware.

19:50:04: GLSL compiled : Ogre/Compositor/HDR/downscale3x3brightpassGLSL_fpFragment shader was successfully compiled to run on hardware.

19:50:04: GLSL compiled : Ogre/Compositor/HDR/bloomGLSL_fpFragment shader was successfully compiled to run on hardware.

19:50:04: GLSL compiled : Ogre/Compositor/HDR/utils_fpFragment shader was successfully compiled to run on hardware.

19:50:04: GLSL compiled : Ogre/Compositor/HDR/finaltonemappingGLSL_fpFragment shader was successfully compiled to run on hardware.

19:50:04: Parsing script HeatVision.material
19:50:05: Parsing script Hurt.material
19:50:05: Parsing script instancing.material
19:50:05: GLSL compiled : InstancingGLSLVertex shader was successfully compiled to run on hardware.

19:50:05: GLSL compiled : InstancingShadowCasterGLSLVertex shader was successfully compiled to run on hardware.

19:50:05: GLSL compiled : CrowdGLSLVertex shader was successfully compiled to run on hardware.

19:50:05: GLSL compiled : CrowdShadowCasterGLSLVertex shader was successfully compiled to run on hardware.

19:50:05: Parsing script Invert.material
19:50:05: Parsing script IsoSurf.material
19:50:05: Problem parsing the following Cg Uniform: '@TMP0' in file Ogre/IsoSurf/TessellateTetrahedraGS
19:50:05: Parsing script Laplace.material
19:50:05: Parsing script MotionBlur.material
19:50:05: Parsing script MRTtest.material
19:50:05: GLSL compiled : Ogre/MRTtest/scenefp/GLSLFragment shader was successfully compiled to run on hardware.

19:50:05: GLSL compiled : Ogre/MRTtest/quadfp/GLSLFragment shader was successfully compiled to run on hardware.

19:50:05: Parsing script NightVision.material
19:50:05: Parsing script Ocean.material
19:50:05: GLSL compiled : GLSL/OceanVSVertex shader was successfully compiled to run on hardware.

19:50:05: GLSL compiled : GLSL/OceanFSFragment shader was successfully compiled to run on hardware.

19:50:05: GLSL compiled : GLSL/Ocean2VSVertex shader was successfully compiled to run on hardware.

19:50:05: GLSL compiled : GLSL/Ocean2FSFragment shader was successfully compiled to run on hardware.

19:50:05: Parsing script OffsetMapping.material
19:50:05: GLSL compiled : Examples/OffsetMappingIntegratedShadowsFPglslFragment shader was successfully compiled to run on hardware.

19:50:05: GLSL compiled : Examples/OffsetMappingIntegratedShadowsVPglslVertex shader was successfully compiled to run on hardware.

19:50:05: Parsing script Ogre.material
19:50:05: Parsing script OldMovie.material
19:50:05: Parsing script OldTV.material
19:50:05: Parsing script ParticleGS.material
19:50:05: OGRE EXCEPTION(7:InternalErrorException): Unable to compile Cg program Ogre/ParticleGS/DisplayPS: CG ERROR : "The compile returned an error."
(323) : fatal error C9999: unexpected cast operation
 in CgProgram::loadFromSource at E:\ogre\ogre_src_v1-7-3\PlugIns\CgProgramManager\src\OgreCgProgramManagerDll.cpp (line 67)
19:50:05: High-level program Ogre/ParticleGS/DisplayPS encountered an error during loading and is thus not supported.
OGRE EXCEPTION(7:InternalErrorException): Unable to compile Cg program Ogre/ParticleGS/DisplayPS: CG ERROR : "The compile returned an error."
(323) : fatal error C9999: unexpected cast operation
 in CgProgram::loadFromSource at E:\ogre\ogre_src_v1-7-3\PlugIns\CgProgramManager\src\OgreCgProgramManagerDll.cpp (line 67)
19:50:05: Parsing script Penguin.material
19:50:05: Parsing script Posterize.material
19:50:05: Parsing script pssm.material
19:50:05: Parsing script RadialBlur.material
19:50:05: Parsing script RZR-002.material
19:50:05: Parsing script ShaderSystem.material
19:50:05: Parsing script shadows.material
19:50:06: Parsing script SharpenEdges.material
19:50:06: Parsing script sibenik.material
19:50:06: Parsing script smoke.material
19:50:06: Parsing script Tiling.material
19:50:06: Parsing script VarianceShadowmap.material
19:50:06: Parsing script deferreddemo.material
19:50:06: Parsing script deferred_post.material
19:50:06: Parsing script deferred_post_minilight.material
19:50:06: Parsing script ShadowCaster.material
19:50:06: Parsing script ssao.material
19:50:06: Parsing script ROOM.material
19:50:06: Parsing script RTShaderSystem.material
19:50:06: Compiler error: unknown error in RTShaderSystem.material(23): token "rtshader_system" is not recognized
19:50:06: Compiler error: unknown error in RTShaderSystem.material(52): token "rtshader_system" is not recognized
19:50:06: Compiler error: unknown error in RTShaderSystem.material(81): token "rtshader_system" is not recognized
19:50:06: Compiler error: unknown error in RTShaderSystem.material(110): token "rtshader_system" is not recognized
19:50:06: Compiler error: unknown error in RTShaderSystem.material(146): token "rtshader_system" is not recognized
19:50:06: Compiler error: unknown error in RTShaderSystem.material(81): token "rtshader_system" is not recognized
19:50:06: Compiler error: unknown error in RTShaderSystem.material(162): token "rtshader_system" is not recognized
19:50:06: Compiler error: unknown error in RTShaderSystem.material(81): token "rtshader_system" is not recognized
19:50:06: Compiler error: unknown error in RTShaderSystem.material(110): token "rtshader_system" is not recognized
19:50:06: Parsing script OgreCore.material
19:50:06: Parsing script OgreProfiler.material
19:50:06: Parsing script beizi.material
19:50:06: Parsing script car1.material
19:50:06: Parsing script cylinderZ.material
19:50:06: Parsing script iphone4.material
19:50:06: Parsing script laptop1.material
19:50:06: Parsing script laptop2.material
19:50:06: Parsing script laptop3.material
19:50:06: Parsing script laptop4.material
19:50:06: Parsing script laptop5.material
19:50:06: Parsing script panzi.material
19:50:06: Parsing script shoutuiche.material
19:50:06: Parsing script tree1.material
19:50:06: Parsing script wolf1.material
19:50:06: Parsing script bus1_body.material
19:50:06: Parsing script bus1_wheel.material
19:50:06: Parsing script car10.material
19:50:06: Parsing script car11.material
19:50:06: Parsing script car12.material
19:50:06: Parsing script car13.material
19:50:06: Parsing script car14.material
19:50:06: Parsing script car15.material
19:50:06: Parsing script car16.material
19:50:06: Parsing script car17.material
19:50:06: Parsing script car18.material
19:50:06: Parsing script car19.material
19:50:06: Parsing script car2.material
19:50:06: Parsing script car20.material
19:50:06: Parsing script car21.material
19:50:06: Parsing script car22.material
19:50:06: Parsing script car23.material
19:50:06: Parsing script car3.material
19:50:06: Parsing script car4.material
19:50:06: Parsing script car5.material
19:50:06: Parsing script car6.material
19:50:06: Parsing script car7.material
19:50:06: Parsing script car8.material
19:50:06: Parsing script car9.material
19:50:06: Parsing script appleRed.material
19:50:06: Parsing script appleRedQuatuer.material
19:50:06: Parsing script bangongzhuo1.material
19:50:06: Parsing script beizi.material
19:50:06: Parsing script beizi2.material
19:50:06: Parsing script beizi3.material
19:50:06: Parsing script bingxiang1.material
19:50:06: Parsing script booksingle.material
19:50:06: Parsing script chaji1.material
19:50:06: Parsing script chuang1.material
19:50:06: Parsing script coca1.material
19:50:06: Parsing script danrenshafa1.material
19:50:06: Parsing script dianshigui1.material
19:50:06: Parsing script hanlingsha.material
19:50:06: Parsing script hanlingsha2.material
19:50:06: Parsing script huapen1.material
19:50:06: Parsing script man11.material
19:50:06: Parsing script man2.material
19:50:06: Parsing script man3.material
19:50:06: Parsing script man4.material
19:50:06: Parsing script man5.material
19:50:06: Parsing script man_ori.material
19:50:06: Parsing script maotan1.material
19:50:06: Parsing script orange1.material
19:50:06: Parsing script pinghengmu.material
19:50:06: Parsing script pinghengmu1.material
19:50:06: Parsing script pinghengmu2.material
19:50:06: Parsing script pinghengqiu.material
19:50:06: Parsing script renzou1.material
19:50:06: Parsing script shafa1.material
19:50:06: Parsing script shafa2.material
19:50:06: Parsing script shafa3.material
19:50:06: Parsing script shugui1.material
19:50:06: Parsing script shugui2.material
19:50:06: Parsing script shuibei1.material
19:50:06: Parsing script sign1.material
19:50:06: Parsing script signman1.material
19:50:06: Parsing script signsudu40.material
19:50:06: Parsing script signsudu60.material
19:50:06: Parsing script signsudu90.material
19:50:06: Parsing script signyouzhuan1.material
19:50:06: Parsing script signzuozhuan1.material
19:50:06: Parsing script towel1.material
19:50:06: Parsing script tree.05.material
19:50:06: Parsing script tree.07.material
19:50:06: Parsing script tree.09.material
19:50:06: Parsing script waitress.material
19:50:06: Parsing script watermelon.material
19:50:06: Parsing script woman11.material
19:50:06: Parsing script xiyiji1.material
19:50:06: Parsing script yaling.material
19:50:06: Parsing script yinliao2.material
19:50:06: Parsing script yizi1.material
19:50:06: Parsing script yizi2.material
19:50:06: Parsing script zhiwu1.material
19:50:06: Parsing script zhiwu2.material
19:50:06: Parsing script zhuozi1.material
19:50:06: Parsing script zhuozi2.material
19:50:06: Parsing script RomanBath.material
19:50:06: Parsing script Sinbad.material
19:50:07: Parsing script emitted_emitter.particle
19:50:07: Parsing script Examples-Water.particle
19:50:07: Parsing script Examples.particle
19:50:07: Parsing script smoke.particle
19:50:07: Parsing script Examples.compositor
19:50:07: Parsing script deferred.compositor
19:50:07: Parsing script ssao.compositor
19:50:07: Parsing script sample.fontdef
19:50:07: Parsing script Ogre.fontdef
19:50:07: Parsing script OgreDebugPanel.overlay
19:50:07: Texture: New_Ogre_Border_Center.png: Loading 1 faces(PF_A8R8G8B8,256x128x1) with 8 hardware generated mipmaps from Image. Internal format is PF_A8R8G8B8,256x128x1.
19:50:07: Texture: New_Ogre_Border.png: Loading 1 faces(PF_A8R8G8B8,256x256x1) with 8 hardware generated mipmaps from Image. Internal format is PF_A8R8G8B8,256x256x1.
19:50:07: Texture: New_Ogre_Border_Break.png: Loading 1 faces(PF_A8R8G8B8,32x32x1) with 5 hardware generated mipmaps from Image. Internal format is PF_A8R8G8B8,32x32x1.
19:50:07: Texture: ogretext.png: Loading 1 faces(PF_A8R8G8B8,256x128x1) with 8 hardware generated mipmaps from Image. Internal format is PF_A8R8G8B8,256x128x1.
19:50:07: Parsing script OgreLoadingPanel.overlay
19:50:07: Finished parsing scripts for resource group Popular
19:50:07: Texture: morning_fr.jpg: Loading 1 faces(PF_R8G8B8,512x512x1) with 5 hardware generated mipmaps from Image. Internal format is PF_X8R8G8B8,512x512x1.
19:50:07: Texture: morning_bk.jpg: Loading 1 faces(PF_R8G8B8,512x512x1) with 5 hardware generated mipmaps from Image. Internal format is PF_X8R8G8B8,512x512x1.
19:50:07: Texture: morning_lf.jpg: Loading 1 faces(PF_R8G8B8,512x512x1) with 5 hardware generated mipmaps from Image. Internal format is PF_X8R8G8B8,512x512x1.
19:50:07: Texture: morning_rt.jpg: Loading 1 faces(PF_R8G8B8,512x512x1) with 5 hardware generated mipmaps from Image. Internal format is PF_X8R8G8B8,512x512x1.
19:50:07: Texture: morning_up.jpg: Loading 1 faces(PF_R8G8B8,512x512x1) with 5 hardware generated mipmaps from Image. Internal format is PF_X8R8G8B8,512x512x1.
19:50:07: Texture: morning_dn.jpg: Loading 1 faces(PF_R8G8B8,512x512x1) with 5 hardware generated mipmaps from Image. Internal format is PF_X8R8G8B8,512x512x1.
19:50:10: *** Initializing OIS ***
19:50:26: Texture: bci2.png: Loading 1 faces(PF_R8G8B8,1022x766x1) with 5 hardware generated mipmaps from Image. Internal format is PF_X8R8G8B8,1022x766x1.
19:50:27: Texture: scene1.jpg: Loading 1 faces(PF_R8G8B8,170x100x1) with 5 hardware generated mipmaps from Image. Internal format is PF_X8R8G8B8,170x100x1.
19:50:27: Texture: scene2.jpg: Loading 1 faces(PF_R8G8B8,170x100x1) with 5 hardware generated mipmaps from Image. Internal format is PF_X8R8G8B8,170x100x1.
19:50:27: Texture: scene3.jpg: Loading 1 faces(PF_R8G8B8,170x100x1) with 5 hardware generated mipmaps from Image. Internal format is PF_X8R8G8B8,170x100x1.
19:50:27: Texture: scene4.jpg: Loading 1 faces(PF_R8G8B8,170x100x1) with 5 hardware generated mipmaps from Image. Internal format is PF_X8R8G8B8,170x100x1.
19:50:27: Texture: scene5.jpg: Loading 1 faces(PF_R8G8B8,170x100x1) with 5 hardware generated mipmaps from Image. Internal format is PF_X8R8G8B8,170x100x1.
19:50:28: OGRE EXCEPTION(5:ItemIdentityException): Menu "ConfigOption2" contains no item "N/A". in SelectMenu::selectItem at J:\Projects20130401\GrandArtProcessor\include\OGRE\SdkTrays.h (line 864)
19:50:29: Texture: jiaodalogo1.png: Loading 1 faces(PF_A8R8G8B8,88x88x1) with 5 hardware generated mipmaps from Image. Internal format is PF_A8R8G8B8,88x88x1.
19:50:29: Texture: house1_6.bsp@lightmap0: Loading 1 faces(PF_B8G8R8,128x128x1) with  hardware generated mipmaps from Image. Internal format is PF_X8R8G8B8,128x128x1.
19:50:29: Texture: house1_6.bsp@lightmap1: Loading 1 faces(PF_B8G8R8,128x128x1) with  hardware generated mipmaps from Image. Internal format is PF_X8R8G8B8,128x128x1.
19:50:29: Texture: house1_6.bsp@lightmap2: Loading 1 faces(PF_B8G8R8,128x128x1) with  hardware generated mipmaps from Image. Internal format is PF_X8R8G8B8,128x128x1.
19:50:29: Texture: textures/house/mianban3.jpg: Loading 1 faces(PF_R8G8B8,512x512x1) with 5 hardware generated mipmaps from Image. Internal format is PF_X8R8G8B8,512x512x1.
19:50:29: Texture: textures/house/yaoxian2.jpg: Loading 1 faces(PF_R8G8B8,647x236x1) with 5 hardware generated mipmaps from Image. Internal format is PF_X8R8G8B8,647x236x1.
19:50:29: Texture: textures/qz/q15.jpg: Loading 1 faces(PF_R8G8B8,591x591x1) with 5 hardware generated mipmaps from Image. Internal format is PF_X8R8G8B8,591x591x1.
19:50:29: Texture: textures/house/guahua4.jpg: Loading 1 faces(PF_R8G8B8,560x560x1) with 5 hardware generated mipmaps from Image. Internal format is PF_X8R8G8B8,560x560x1.
19:50:29: Texture: textures/house/yaoxian3.jpg: Loading 1 faces(PF_R8G8B8,381x113x1) with 5 hardware generated mipmaps from Image. Internal format is PF_X8R8G8B8,381x113x1.
19:50:29: Texture: textures/house/yaoxian1_1.jpg: Loading 1 faces(PF_R8G8B8,299x97x1) with 5 hardware generated mipmaps from Image. Internal format is PF_X8R8G8B8,299x97x1.
19:50:29: Texture: textures/house/yaoxian1.jpg: Loading 1 faces(PF_R8G8B8,297x97x1) with 5 hardware generated mipmaps from Image. Internal format is PF_X8R8G8B8,297x97x1.
19:50:29: Texture: textures/common/white01.jpg: Loading 1 faces(PF_R8G8B8,50x50x1) with 5 hardware generated mipmaps from Image. Internal format is PF_X8R8G8B8,50x50x1.
19:50:29: Texture: textures/house/qiangzhuan2.jpg: Loading 1 faces(PF_R8G8B8,305x305x1) with 5 hardware generated mipmaps from Image. Internal format is PF_X8R8G8B8,305x305x1.
19:50:29: Texture: textures/house/mianban2.jpg: Loading 1 faces(PF_R8G8B8,1200x900x1) with 5 hardware generated mipmaps from Image. Internal format is PF_X8R8G8B8,1200x900x1.
19:50:29: Texture: textures/house/tianhua1.jpg: Loading 1 faces(PF_R8G8B8,512x512x1) with 5 hardware generated mipmaps from Image. Internal format is PF_X8R8G8B8,512x512x1.
19:50:29: Texture: textures/house/diban4.jpg: Loading 1 faces(PF_R8G8B8,150x150x1) with 5 hardware generated mipmaps from Image. Internal format is PF_X8R8G8B8,150x150x1.
19:50:29: Texture: textures/house/qiangzhuan1.jpg: Loading 1 faces(PF_R8G8B8,1094x1093x1) with 5 hardware generated mipmaps from Image. Internal format is PF_X8R8G8B8,1094x1093x1.
19:50:29: Texture: textures/house/diban3.jpg: Loading 1 faces(PF_R8G8B8,859x859x1) with 5 hardware generated mipmaps from Image. Internal format is PF_X8R8G8B8,859x859x1.
19:50:30: Texture: textures/radiant/diban3.jpg: Loading 1 faces(PF_R8G8B8,859x859x1) with 5 hardware generated mipmaps from Image. Internal format is PF_X8R8G8B8,859x859x1.
19:50:30: Texture: exit1.png: Loading 1 faces(PF_A8R8G8B8,40x40x1) with 5 hardware generated mipmaps from Image. Internal format is PF_A8R8G8B8,40x40x1.
19:50:30: Texture: exit2.png: Loading 1 faces(PF_A8R8G8B8,40x40x1) with 5 hardware generated mipmaps from Image. Internal format is PF_A8R8G8B8,40x40x1.
19:50:30: Mesh: Loading yizi2_fix.mesh.
19:50:30: Texture: INDIROSE.JPG: Loading 1 faces(PF_R8G8B8,360x696x1) with 5 hardware generated mipmaps from Image. Internal format is PF_X8R8G8B8,360x696x1.
19:50:30: Texture: INDIROSE.jpg: Loading 1 faces(PF_R8G8B8,360x696x1) with 5 hardware generated mipmaps from Image. Internal format is PF_X8R8G8B8,360x696x1.
19:50:30: Mesh: Loading cube.mesh.
19:50:30: Texture: pink50.png: Loading 1 faces(PF_R8G8B8,538x408x1) with 5 hardware generated mipmaps from Image. Internal format is PF_X8R8G8B8,538x408x1.
19:50:30: Mesh: Loading zhuozi_fix.mesh.
19:50:30: Texture: 20_.jpg: Loading 1 faces(PF_R8G8B8,1000x1000x1) with 5 hardware generated mipmaps from Image. Internal format is PF_X8R8G8B8,1000x1000x1.
19:50:30: Texture: 05_.jpg: Loading 1 faces(PF_R8G8B8,2000x2000x1) with 5 hardware generated mipmaps from Image. Internal format is PF_X8R8G8B8,2000x2000x1.
19:50:30: Mesh: Loading coca1.mesh.
19:50:31: Texture: LOGO.jpg: Loading 1 faces(PF_R8G8B8,3307x1417x1) with 5 hardware generated mipmaps from Image. Internal format is PF_X8R8G8B8,3307x1417x1.
19:50:31: Mesh: Loading shafa3_fix.mesh.
19:50:31: Texture: 135_.jpg: Loading 1 faces(PF_R8G8B8,1600x1200x1) with 5 hardware generated mipmaps from Image. Internal format is PF_X8R8G8B8,1600x1200x1.
19:50:31: Mesh: Loading chaji1_fix.mesh.
19:50:31: Texture: 25_.jpg: Loading 1 faces(PF_R8G8B8,1000x1000x1) with 5 hardware generated mipmaps from Image. Internal format is PF_X8R8G8B8,1000x1000x1.
19:50:31: Mesh: Loading pinghengmu1.mesh.
19:50:31: Texture: 1.png: Loading 1 faces(PF_A8R8G8B8,640x480x1) with 5 hardware generated mipmaps from Image. Internal format is PF_A8R8G8B8,640x480x1.
19:50:31: Mesh: Loading pinghengmu2.mesh.
19:50:31: Texture: 6.png: Loading 1 faces(PF_A8R8G8B8,640x480x1) with 5 hardware generated mipmaps from Image. Internal format is PF_A8R8G8B8,640x480x1.
19:50:31: Mesh: Loading pinghengqiu.mesh.
19:50:31: Texture: Orange.jpg: Loading 1 faces(PF_R8G8B8,1038x449x1) with 5 hardware generated mipmaps from Image. Internal format is PF_X8R8G8B8,1038x449x1.
19:50:31: Mesh: Loading huapen1.mesh.
19:50:31: Texture: 099_.jpg: Loading 1 faces(PF_R8G8B8,512x512x1) with 5 hardware generated mipmaps from Image. Internal format is PF_X8R8G8B8,512x512x1.
19:50:31: Texture: 33-.jpg: Loading 1 faces(PF_R8G8B8,1134x1134x1) with 5 hardware generated mipmaps from Image. Internal format is PF_X8R8G8B8,1134x1134x1.
19:50:31: Mesh: Loading zhiwu2.mesh.
19:50:31: Texture: 061-1.png: Loading 1 faces(PF_A8R8G8B8,150x813x1) with 5 hardware generated mipmaps from Image. Internal format is PF_A8R8G8B8,150x813x1.
19:50:31: Mesh: Loading watermelon.mesh.
19:50:31: Texture: Watermelon_quarter_b.jpg: Loading 1 faces(PF_R8G8B8,128x240x1) with 5 hardware generated mipmaps from Image. Internal format is PF_X8R8G8B8,128x240x1.
19:50:32: Texture: Watermelon_quarter_a.jpg: Loading 1 faces(PF_R8G8B8,128x240x1) with 5 hardware generated mipmaps from Image. Internal format is PF_X8R8G8B8,128x240x1.
19:50:32: Texture: Watermelon.jpg: Loading 1 faces(PF_R8G8B8,480x300x1) with 5 hardware generated mipmaps from Image. Internal format is PF_X8R8G8B8,480x300x1.
19:50:32: Mesh: Loading towel1.mesh.
19:50:32: Texture: 03-.jpg: Loading 1 faces(PF_R8G8B8,700x700x1) with 5 hardware generated mipmaps from Image. Internal format is PF_X8R8G8B8,700x700x1.
19:50:32: Mesh: Loading booksingle.mesh.
19:50:32: Texture: 001_.jpg: Loading 1 faces(PF_R8G8B8,240x240x1) with 5 hardware generated mipmaps from Image. Internal format is PF_X8R8G8B8,240x240x1.
19:50:32: Texture: book_(10).jpg: Loading 1 faces(PF_R8G8B8,660x440x1) with 5 hardware generated mipmaps from Image. Internal format is PF_X8R8G8B8,660x440x1.
19:50:32: Mesh: Loading shuibei1.mesh.
19:50:32: Texture: 138_.jpg: Loading 1 faces(PF_R8G8B8,512x512x1) with 5 hardware generated mipmaps from Image. Internal format is PF_X8R8G8B8,512x512x1.
19:50:32: Mesh: Loading zhiwu1.mesh.
19:50:32: Texture: 096-1.png: Loading 1 faces(PF_A8R8G8B8,350x700x1) with 5 hardware generated mipmaps from Image. Internal format is PF_A8R8G8B8,350x700x1.
19:50:32: Mesh: Loading xiyiji1.mesh.
19:50:32: Texture: dsfewr.jpg: Loading 1 faces(PF_R8G8B8,424x424x1) with 5 hardware generated mipmaps from Image. Internal format is PF_X8R8G8B8,424x424x1.
19:50:32: Mesh: Loading shugui2_fix.mesh.
19:50:32: Texture: arch_interiors_4_009_books-cover.jpg: Loading 1 faces(PF_R8G8B8,1024x1024x1) with 5 hardware generated mipmaps from Image. Internal format is PF_X8R8G8B8,1024x1024x1.
19:50:32: Texture: 9999.jpg: Loading 1 faces(PF_R8G8B8,1024x1024x1) with 5 hardware generated mipmaps from Image. Internal format is PF_X8R8G8B8,1024x1024x1.
19:50:32: Texture: 53852897.jpg: Loading 1 faces(PF_R8G8B8,480x640x1) with 5 hardware generated mipmaps from Image. Internal format is PF_X8R8G8B8,480x640x1.
19:50:32: Mesh: Loading bangongzhuo1.mesh.
19:50:32: Texture: 162_2.jpg: Loading 1 faces(PF_R8G8B8,558x557x1) with 5 hardware generated mipmaps from Image. Internal format is PF_X8R8G8B8,558x557x1.
19:50:32: Texture: 162.jpg: Loading 1 faces(PF_R8G8B8,562x561x1) with 5 hardware generated mipmaps from Image. Internal format is PF_X8R8G8B8,562x561x1.
19:50:32: Mesh: Loading bingxiang1.mesh.
19:50:32: Mesh: Loading yaling.mesh.
19:50:33: Texture: cloth03b.jpg: Loading 1 faces(PF_L8,537x393x1) with 5 hardware generated mipmaps from Image. Internal format is PF_L8,537x393x1.
19:50:33: Texture: 014_.jpg: Loading 1 faces(PF_R8G8B8,512x512x1) with 5 hardware generated mipmaps from Image. Internal format is PF_X8R8G8B8,512x512x1.
19:50:33: Mesh: Loading man_walk.mesh.
19:50:33: Skeleton: Loading man_walk.skeleton
19:50:33: Texture: casual32_m_25.tga: Loading 1 faces(PF_R8G8B8,2048x2048x1) with 5 hardware generated mipmaps from Image. Internal format is PF_X8R8G8B8,2048x2048x1.
19:50:33: Mesh: Loading woman_walk.mesh.
19:50:33: Skeleton: Loading woman_walk.skeleton
19:50:34: Texture: casual02_f_25.png: Loading 1 faces(PF_R8G8B8,2048x2048x1) with 5 hardware generated mipmaps from Image. Internal format is PF_X8R8G8B8,2048x2048x1.
19:50:34: Mesh: Loading woman12.mesh.
19:50:34: Skeleton: Loading woman12.skeleton
19:50:34: Can't assign material body-woman11 to SubEntity of Ogre/MO1 because this Material does not exist. Have you forgotten to define it in a .material script?
19:50:34: Mesh: Loading arrow.mesh.
19:50:34: Texture: pink100.png: Loading 1 faces(PF_A8R8G8B8,538x408x1) with 5 hardware generated mipmaps from Image. Internal format is PF_A8R8G8B8,538x408x1.
19:50:34: Texture: blue.jpg: Loading 1 faces(PF_R8G8B8,50x50x1) with 5 hardware generated mipmaps from Image. Internal format is PF_X8R8G8B8,50x50x1.
19:50:34: Texture: migong1234_2.bsp@lightmap0: Loading 1 faces(PF_B8G8R8,128x128x1) with  hardware generated mipmaps from Image. Internal format is PF_X8R8G8B8,128x128x1.
19:50:34: Texture: textures/radiant/CONCR05.jpg: Loading 1 faces(PF_R8G8B8,480x480x1) with 5 hardware generated mipmaps from Image. Internal format is PF_X8R8G8B8,480x480x1.
19:50:34: Texture: textures/radiant/bianyuanlu.jpg: Loading 1 faces(PF_R8G8B8,545x443x1) with 5 hardware generated mipmaps from Image. Internal format is PF_X8R8G8B8,545x443x1.
19:50:34: Texture: textures/radiant/GRASS01.jpg: Loading 1 faces(PF_R8G8B8,480x480x1) with 5 hardware generated mipmaps from Image. Internal format is PF_X8R8G8B8,480x480x1.
19:50:34: Mesh: Loading waitress.mesh.
19:50:34: Skeleton: Loading waitress.skeleton
19:50:34: Texture: casual11_f_30.png: Loading 1 faces(PF_A8R8G8B8,2048x2048x1) with 5 hardware generated mipmaps from Image. Internal format is PF_A8R8G8B8,2048x2048x1.
19:50:34: Texture: casual11_f_30_hair.tga: Loading 1 faces(PF_A8R8G8B8,256x512x1) with 5 hardware generated mipmaps from Image. Internal format is PF_A8R8G8B8,256x512x1.
19:50:34: Texture: house1_6.bsp@lightmap0: Loading 1 faces(PF_B8G8R8,128x128x1) with  hardware generated mipmaps from Image. Internal format is PF_X8R8G8B8,128x128x1.
19:50:34: Texture: house1_6.bsp@lightmap1: Loading 1 faces(PF_B8G8R8,128x128x1) with  hardware generated mipmaps from Image. Internal format is PF_X8R8G8B8,128x128x1.
19:50:34: Texture: house1_6.bsp@lightmap2: Loading 1 faces(PF_B8G8R8,128x128x1) with  hardware generated mipmaps from Image. Internal format is PF_X8R8G8B8,128x128x1.
19:50:34: Mesh: Loading man12.mesh.
19:50:34: Skeleton: Loading man12.skeleton
19:50:34: Texture: house1_6.bsp@lightmap0: Loading 1 faces(PF_B8G8R8,128x128x1) with  hardware generated mipmaps from Image. Internal format is PF_X8R8G8B8,128x128x1.
19:50:34: Texture: house1_6.bsp@lightmap1: Loading 1 faces(PF_B8G8R8,128x128x1) with  hardware generated mipmaps from Image. Internal format is PF_X8R8G8B8,128x128x1.
19:50:34: Texture: house1_6.bsp@lightmap2: Loading 1 faces(PF_B8G8R8,128x128x1) with  hardware generated mipmaps from Image. Internal format is PF_X8R8G8B8,128x128x1.
19:50:34: Texture: blue50.png: Loading 1 faces(PF_A8R8G8B8,538x408x1) with 5 hardware generated mipmaps from Image. Internal format is PF_A8R8G8B8,538x408x1.
19:50:34: Texture: ribbonband.png: Loading 1 faces(PF_R8G8B8,128x1x1) with 5 hardware generated mipmaps from Image. Internal format is PF_X8R8G8B8,128x1x1.
19:50:34: Texture: yellow.png: Loading 1 faces(PF_A8R8G8B8,32x32x1) with 5 hardware generated mipmaps from Image. Internal format is PF_A8R8G8B8,32x32x1.
19:50:35: Texture: house1_6.bsp@lightmap0: Loading 1 faces(PF_B8G8R8,128x128x1) with  hardware generated mipmaps from Image. Internal format is PF_X8R8G8B8,128x128x1.
19:50:35: Texture: house1_6.bsp@lightmap1: Loading 1 faces(PF_B8G8R8,128x128x1) with  hardware generated mipmaps from Image. Internal format is PF_X8R8G8B8,128x128x1.
19:50:35: Texture: house1_6.bsp@lightmap2: Loading 1 faces(PF_B8G8R8,128x128x1) with  hardware generated mipmaps from Image. Internal format is PF_X8R8G8B8,128x128x1.
19:50:35: Mesh: Loading woman_towel_get.mesh.
19:50:35: Skeleton: Loading woman_towel_get.skeleton
19:50:35: Mesh: Loading woman_shuibei_get.mesh.
19:50:35: Skeleton: Loading woman_shuibei_get.skeleton
19:50:35: Mesh: Loading woman_xigua_get.mesh.
19:50:35: Skeleton: Loading woman_xigua_get.skeleton
19:50:35: Mesh: Loading woman_book_get.mesh.
19:50:35: Skeleton: Loading woman_book_get.skeleton
19:50:35: Mesh: Loading woman_towel_walk.mesh.
19:50:35: Skeleton: Loading woman_towel_walk.skeleton
19:50:35: Mesh: Loading woman_shuibei_walk.mesh.
19:50:35: Skeleton: Loading woman_shuibei_walk.skeleton
19:50:35: Mesh: Loading woman_xigua_walk.mesh.
19:50:35: Skeleton: Loading woman_xigua_walk.skeleton
19:50:35: Mesh: Loading woman_book_walk.mesh.
19:50:35: Skeleton: Loading woman_book_walk.skeleton
19:50:35: Texture: green.jpg: Loading 1 faces(PF_R8G8B8,50x50x1) with 5 hardware generated mipmaps from Image. Internal format is PF_X8R8G8B8,50x50x1.
19:50:35: Texture: house1_6.bsp@lightmap0: Loading 1 faces(PF_B8G8R8,128x128x1) with  hardware generated mipmaps from Image. Internal format is PF_X8R8G8B8,128x128x1.
19:50:35: Texture: house1_6.bsp@lightmap1: Loading 1 faces(PF_B8G8R8,128x128x1) with  hardware generated mipmaps from Image. Internal format is PF_X8R8G8B8,128x128x1.
19:50:35: Texture: house1_6.bsp@lightmap2: Loading 1 faces(PF_B8G8R8,128x128x1) with  hardware generated mipmaps from Image. Internal format is PF_X8R8G8B8,128x128x1.
19:50:35: Mesh: Loading man11.mesh.
19:50:35: Skeleton: Loading man11.skeleton
19:50:35: Mesh: Loading woman11.mesh.
19:50:35: Skeleton: Loading woman11.skeleton
19:50:36: Texture: flare.png: Loading 1 faces(PF_R8G8B8,256x256x1) with 5 hardware generated mipmaps from Image. Internal format is PF_X8R8G8B8,256x256x1.
19:50:37: Texture: sdk_bands.png: Loading 1 faces(PF_A8R8G8B8,2x32x1) with 5 hardware generated mipmaps from Image. Internal format is PF_A8R8G8B8,2x32x1.
19:50:54: Texture: bci_button_over.png: Loading 1 faces(PF_A8R8G8B8,128x32x1) with 5 hardware generated mipmaps from Image. Internal format is PF_A8R8G8B8,128x32x1.
19:51:00: Texture: bci_button_down.png: Loading 1 faces(PF_A8R8G8B8,128x32x1) with 5 hardware generated mipmaps from Image. Internal format is PF_A8R8G8B8,128x32x1.
19:51:00: DefaultWorkQueue('Root') shutting down on thread main.
19:51:00: PCZone Factory Type 'ZoneType_Octree' unregistered
19:51:00: PCZone Factory Type 'ZoneType_Terrain' unregistered
19:51:00: Unregistering ResourceManager for type BspLevel
19:51:00: *-*-* OGRE Shutdown
19:51:00: Unregistering ResourceManager for type Compositor
19:51:00: Unregistering ResourceManager for type Font
19:51:00: Unregistering ResourceManager for type Skeleton
19:51:00: Unregistering ResourceManager for type Mesh
19:51:00: Unregistering ResourceManager for type HighLevelGpuProgram
19:51:00: Uninstalling plugin: Octree & Terrain Scene Manager
19:51:00: Plugin successfully uninstalled
19:51:00: Unloading library .\Plugin_OctreeSceneManager
19:51:00: Uninstalling plugin: Octree Zone Factory
19:51:00: Plugin successfully uninstalled
19:51:00: Unloading library .\Plugin_OctreeZone
19:51:00: Uninstalling plugin: Portal Connected Zone Scene Manager
19:51:00: Plugin successfully uninstalled
19:51:00: Unloading library .\Plugin_PCZSceneManager
19:51:00: Uninstalling plugin: Cg Program Manager
19:51:00: Plugin successfully uninstalled
19:51:00: Unloading library .\Plugin_CgProgramManager
19:51:00: Uninstalling plugin: BSP Scene Manager
19:51:00: Plugin successfully uninstalled
19:51:00: Unloading library .\Plugin_BSPSceneManager
19:51:00: Uninstalling plugin: ParticleFX
19:51:00: Plugin successfully uninstalled
19:51:00: Unloading library .\Plugin_ParticleFX
19:51:00: Uninstalling plugin: GL RenderSystem
19:51:01: Unregistering ResourceManager for type GpuProgram
19:51:01: *** Stopping Win32GL Subsystem ***
19:51:01: Unregistering ResourceManager for type Texture
19:51:01: Plugin successfully uninstalled
19:51:01: Unloading library .\RenderSystem_GL
19:51:01: Uninstalling plugin: D3D9 RenderSystem
19:51:01: D3D9 : Shutting down cleanly.
19:51:01: D3D9 : Direct3D9 Rendering Subsystem destroyed.
19:51:01: Plugin successfully uninstalled
19:51:01: Unloading library .\RenderSystem_Direct3D9
19:51:01: Unregistering ResourceManager for type Material
